<?xml version="1.0" encoding="UTF-8"?>
<testng-results ignored="0" total="2" passed="2" failed="0" skipped="0">
  <reporter-output>
  </reporter-output>
  <suite started-at="2022-05-31T10:46:10 IST" name="Default suite" finished-at="2022-05-31T10:46:18 IST" duration-ms="7974">
    <groups>
    </groups>
    <test started-at="2022-05-31T10:46:10 IST" name="Default test" finished-at="2022-05-31T10:46:18 IST" duration-ms="7974">
      <class name="testcases.VerifyLogin">
        <test-method is-config="true" signature="startReport()[pri:0, instance:testcases.VerifyLogin@15043a2f]" started-at="2022-05-31T10:46:10 IST" name="startReport" finished-at="2022-05-31T10:46:10 IST" duration-ms="327" status="PASS">
          <reporter-output>
          </reporter-output>
        </test-method> <!-- startReport -->
        <test-method is-config="true" signature="setValue()[pri:0, instance:testcases.VerifyLogin@15043a2f]" started-at="2022-05-31T10:46:10 IST" name="setValue" finished-at="2022-05-31T10:46:10 IST" duration-ms="1" status="PASS">
          <reporter-output>
          </reporter-output>
        </test-method> <!-- setValue -->
        <test-method is-config="true" signature="testCaseDetails()[pri:0, instance:testcases.VerifyLogin@15043a2f]" started-at="2022-05-31T10:46:10 IST" name="testCaseDetails" finished-at="2022-05-31T10:46:10 IST" duration-ms="5" status="PASS">
          <reporter-output>
          </reporter-output>
        </test-method> <!-- testCaseDetails -->
        <test-method is-config="true" signature="preCondition()[pri:0, instance:testcases.VerifyLogin@15043a2f]" started-at="2022-05-31T10:46:11 IST" name="preCondition" finished-at="2022-05-31T10:46:15 IST" duration-ms="4028" status="PASS">
          <reporter-output>
          </reporter-output>
        </test-method> <!-- preCondition -->
        <test-method signature="runVerifyLogin(java.lang.String,java.lang.String)[pri:0, instance:testcases.VerifyLogin@15043a2f]" started-at="2022-05-31T10:46:15 IST" name="runVerifyLogin" data-provider="provideData" finished-at="2022-05-31T10:46:16 IST" duration-ms="857" status="PASS">
          <params>
            <param index="0">
              <value>
                <![CDATA[DemoSalesManager]]>
              </value>
            </param>
            <param index="1">
              <value>
                <![CDATA[crmsfa]]>
              </value>
            </param>
          </params>
          <reporter-output>
          </reporter-output>
        </test-method> <!-- runVerifyLogin -->
        <test-method is-config="true" signature="postCondition()[pri:0, instance:testcases.VerifyLogin@15043a2f]" started-at="2022-05-31T10:46:16 IST" name="postCondition" finished-at="2022-05-31T10:46:16 IST" duration-ms="65" status="PASS">
          <reporter-output>
          </reporter-output>
        </test-method> <!-- postCondition -->
        <test-method is-config="true" signature="preCondition()[pri:0, instance:testcases.VerifyLogin@15043a2f]" started-at="2022-05-31T10:46:16 IST" name="preCondition" finished-at="2022-05-31T10:46:17 IST" duration-ms="1420" status="PASS">
          <reporter-output>
          </reporter-output>
        </test-method> <!-- preCondition -->
        <test-method signature="runVerifyLogin(java.lang.String,java.lang.String)[pri:0, instance:testcases.VerifyLogin@15043a2f]" started-at="2022-05-31T10:46:17 IST" name="runVerifyLogin" data-provider="provideData" finished-at="2022-05-31T10:46:18 IST" duration-ms="811" status="PASS">
          <params>
            <param index="0">
              <value>
                <![CDATA[DemoSalesManager]]>
              </value>
            </param>
            <param index="1">
              <value>
                <![CDATA[crmsfa]]>
              </value>
            </param>
          </params>
          <reporter-output>
          </reporter-output>
        </test-method> <!-- runVerifyLogin -->
        <test-method is-config="true" signature="postCondition()[pri:0, instance:testcases.VerifyLogin@15043a2f]" started-at="2022-05-31T10:46:18 IST" name="postCondition" finished-at="2022-05-31T10:46:18 IST" duration-ms="42" status="PASS">
          <reporter-output>
          </reporter-output>
        </test-method> <!-- postCondition -->
        <test-method is-config="true" signature="endReport()[pri:0, instance:testcases.VerifyLogin@15043a2f]" started-at="2022-05-31T10:46:18 IST" name="endReport" finished-at="2022-05-31T10:46:19 IST" duration-ms="239" status="PASS">
          <reporter-output>
          </reporter-output>
        </test-method> <!-- endReport -->
      </class> <!-- testcases.VerifyLogin -->
    </test> <!-- Default test -->
  </suite> <!-- Default suite -->
</testng-results>
