<?xml version="1.0" encoding="UTF-8"?>
<testng-results ignored="0" total="2" passed="2" failed="0" skipped="0">
  <reporter-output>
  </reporter-output>
  <suite started-at="2022-03-24T20:13:53 IST" name="Default suite" finished-at="2022-03-24T20:14:28 IST" duration-ms="34692">
    <groups>
    </groups>
    <test started-at="2022-03-24T20:13:53 IST" name="Default test" finished-at="2022-03-24T20:14:28 IST" duration-ms="34692">
      <class name="testcases.CreateLead">
        <test-method is-config="true" signature="setValue()[pri:0, instance:testcases.CreateLead@17f9d882]" started-at="2022-03-24T20:13:53 IST" name="setValue" finished-at="2022-03-24T20:13:53 IST" duration-ms="15" status="PASS">
          <reporter-output>
          </reporter-output>
        </test-method> <!-- setValue -->
        <test-method is-config="true" signature="preconditions()[pri:0, instance:testcases.CreateLead@17f9d882]" started-at="2022-03-24T20:13:54 IST" name="preconditions" finished-at="2022-03-24T20:14:04 IST" duration-ms="10346" status="PASS">
          <reporter-output>
          </reporter-output>
        </test-method> <!-- preconditions -->
        <test-method signature="runCreateLead(java.lang.String,java.lang.String,java.lang.String,java.lang.String,java.lang.String,java.lang.String)[pri:0, instance:testcases.CreateLead@17f9d882]" started-at="2022-03-24T20:14:04 IST" name="runCreateLead" data-provider="provideData" finished-at="2022-03-24T20:14:09 IST" duration-ms="5063" status="PASS">
          <params>
            <param index="0">
              <value>
                <![CDATA[EN]]>
              </value>
            </param>
            <param index="1">
              <value>
                <![CDATA[DemoSalesManager]]>
              </value>
            </param>
            <param index="2">
              <value>
                <![CDATA[crmsfa]]>
              </value>
            </param>
            <param index="3">
              <value>
                <![CDATA[Qeagel]]>
              </value>
            </param>
            <param index="4">
              <value>
                <![CDATA[Hari]]>
              </value>
            </param>
            <param index="5">
              <value>
                <![CDATA[R]]>
              </value>
            </param>
          </params>
          <reporter-output>
          </reporter-output>
        </test-method> <!-- runCreateLead -->
        <test-method is-config="true" signature="postconditions()[pri:0, instance:testcases.CreateLead@17f9d882]" started-at="2022-03-24T20:14:09 IST" name="postconditions" finished-at="2022-03-24T20:14:10 IST" duration-ms="184" status="PASS">
          <reporter-output>
          </reporter-output>
        </test-method> <!-- postconditions -->
        <test-method is-config="true" signature="preconditions()[pri:0, instance:testcases.CreateLead@17f9d882]" started-at="2022-03-24T20:14:10 IST" name="preconditions" finished-at="2022-03-24T20:14:20 IST" duration-ms="10800" status="PASS">
          <reporter-output>
          </reporter-output>
        </test-method> <!-- preconditions -->
        <test-method signature="runCreateLead(java.lang.String,java.lang.String,java.lang.String,java.lang.String,java.lang.String,java.lang.String)[pri:0, instance:testcases.CreateLead@17f9d882]" started-at="2022-03-24T20:14:20 IST" name="runCreateLead" data-provider="provideData" finished-at="2022-03-24T20:14:27 IST" duration-ms="7001" status="PASS">
          <params>
            <param index="0">
              <value>
                <![CDATA[FR]]>
              </value>
            </param>
            <param index="1">
              <value>
                <![CDATA[DemoCSR2]]>
              </value>
            </param>
            <param index="2">
              <value>
                <![CDATA[crmsfa]]>
              </value>
            </param>
            <param index="3">
              <value>
                <![CDATA[Testleaf]]>
              </value>
            </param>
            <param index="4">
              <value>
                <![CDATA[Sheriba]]>
              </value>
            </param>
            <param index="5">
              <value>
                <![CDATA[T]]>
              </value>
            </param>
          </params>
          <reporter-output>
          </reporter-output>
        </test-method> <!-- runCreateLead -->
        <test-method is-config="true" signature="postconditions()[pri:0, instance:testcases.CreateLead@17f9d882]" started-at="2022-03-24T20:14:27 IST" name="postconditions" finished-at="2022-03-24T20:14:28 IST" duration-ms="142" status="PASS">
          <reporter-output>
          </reporter-output>
        </test-method> <!-- postconditions -->
      </class> <!-- testcases.CreateLead -->
    </test> <!-- Default test -->
  </suite> <!-- Default suite -->
</testng-results>
