<?xml version="1.0" encoding="UTF-8"?>
<testng-results ignored="0" total="1" passed="1" failed="0" skipped="0">
  <reporter-output>
  </reporter-output>
  <suite started-at="2022-05-29T13:34:44 IST" name="Default suite" finished-at="2022-05-29T13:35:04 IST" duration-ms="19906">
    <groups>
      <group name="cucumber">
        <method signature="AbstractTestNGCucumberTests.runScenario(io.cucumber.testng.PickleWrapper,io.cucumber.testng.FeatureWrapper)[pri:0, instance:runner.CucumberRunner@5f049ea1]" name="runScenario" class="io.cucumber.testng.AbstractTestNGCucumberTests"/>
      </group> <!-- cucumber -->
    </groups>
    <test started-at="2022-05-29T13:34:44 IST" name="Default test" finished-at="2022-05-29T13:35:04 IST" duration-ms="19906">
      <class name="runner.CucumberRunner">
        <test-method is-config="true" signature="setUpClass()[pri:0, instance:runner.CucumberRunner@5f049ea1]" started-at="2022-05-29T13:34:44 IST" name="setUpClass" finished-at="2022-05-29T13:34:45 IST" duration-ms="696" status="PASS">
          <reporter-output>
          </reporter-output>
        </test-method> <!-- setUpClass -->
        <test-method signature="runScenario(io.cucumber.testng.PickleWrapper,io.cucumber.testng.FeatureWrapper)[pri:0, instance:runner.CucumberRunner@5f049ea1]" started-at="2022-05-29T13:34:45 IST" name="runScenario" description="Runs Cucumber Scenarios" data-provider="scenarios" finished-at="2022-05-29T13:35:02 IST" duration-ms="16844" status="PASS">
          <params>
            <param index="0">
              <value>
                <![CDATA["CreateLead with mandatory informations"]]>
              </value>
            </param>
            <param index="1">
              <value>
                <![CDATA["Optional[leaftabs CreateLead functionality]"]]>
              </value>
            </param>
          </params>
          <reporter-output>
          </reporter-output>
        </test-method> <!-- runScenario -->
        <test-method is-config="true" signature="tearDownClass()[pri:0, instance:runner.CucumberRunner@5f049ea1]" started-at="2022-05-29T13:35:02 IST" name="tearDownClass" finished-at="2022-05-29T13:35:04 IST" duration-ms="2285" status="PASS">
          <reporter-output>
          </reporter-output>
        </test-method> <!-- tearDownClass -->
      </class> <!-- runner.CucumberRunner -->
    </test> <!-- Default test -->
  </suite> <!-- Default suite -->
</testng-results>
