<?xml version="1.0" encoding="UTF-8"?>
<!-- Generated by org.testng.reporters.JUnitXMLReporter -->
<testsuite ignored="0" hostname="LAPTOP-F3QJ1584" failures="0" tests="4" name="Test" time="70.407" errors="0" timestamp="2022-03-25T09:43:49 IST">
  <testcase classname="testcases.VerifyLogin" name="runVerifyLogin" time="0.582"/>
  <testcase classname="testcases.VerifyLogin" name="runVerifyLogin" time="0.714"/>
  <testcase classname="testcases.CreateLead" name="runCreateLead" time="5.166"/>
  <testcase classname="testcases.CreateLead" name="runCreateLead" time="4.932"/>
</testsuite> <!-- Test -->
