<?xml version="1.0" encoding="UTF-8"?>
<testng-results ignored="0" total="2" passed="2" failed="0" skipped="0">
  <reporter-output>
  </reporter-output>
  <suite started-at="2022-05-18T15:33:47 IST" name="Default suite" finished-at="2022-05-18T15:34:04 IST" duration-ms="17007">
    <groups>
    </groups>
    <test started-at="2022-05-18T15:33:47 IST" name="Default test" finished-at="2022-05-18T15:34:04 IST" duration-ms="17007">
      <class name="testcases.CreateLead">
        <test-method is-config="true" signature="setValue()[pri:0, instance:testcases.CreateLead@5149d738]" started-at="2022-05-18T15:33:47 IST" name="setValue" finished-at="2022-05-18T15:33:47 IST" duration-ms="9" status="PASS">
          <reporter-output>
          </reporter-output>
        </test-method> <!-- setValue -->
        <test-method is-config="true" signature="preCondition()[pri:0, instance:testcases.CreateLead@5149d738]" started-at="2022-05-18T15:33:48 IST" name="preCondition" finished-at="2022-05-18T15:33:51 IST" duration-ms="3489" status="PASS">
          <reporter-output>
          </reporter-output>
        </test-method> <!-- preCondition -->
        <test-method signature="runCreateLead(java.lang.String,java.lang.String,java.lang.String,java.lang.String,java.lang.String)[pri:0, instance:testcases.CreateLead@5149d738]" started-at="2022-05-18T15:33:51 IST" name="runCreateLead" data-provider="provideData" finished-at="2022-05-18T15:33:56 IST" duration-ms="4756" status="PASS">
          <params>
            <param index="0">
              <value>
                <![CDATA[DemoSalesManager]]>
              </value>
            </param>
            <param index="1">
              <value>
                <![CDATA[crmsfa]]>
              </value>
            </param>
            <param index="2">
              <value>
                <![CDATA[Qeagel]]>
              </value>
            </param>
            <param index="3">
              <value>
                <![CDATA[Hari]]>
              </value>
            </param>
            <param index="4">
              <value>
                <![CDATA[R]]>
              </value>
            </param>
          </params>
          <reporter-output>
          </reporter-output>
        </test-method> <!-- runCreateLead -->
        <test-method is-config="true" signature="postCondition()[pri:0, instance:testcases.CreateLead@5149d738]" started-at="2022-05-18T15:33:56 IST" name="postCondition" finished-at="2022-05-18T15:33:56 IST" duration-ms="138" status="PASS">
          <reporter-output>
          </reporter-output>
        </test-method> <!-- postCondition -->
        <test-method is-config="true" signature="preCondition()[pri:0, instance:testcases.CreateLead@5149d738]" started-at="2022-05-18T15:33:56 IST" name="preCondition" finished-at="2022-05-18T15:33:58 IST" duration-ms="1779" status="PASS">
          <reporter-output>
          </reporter-output>
        </test-method> <!-- preCondition -->
        <test-method signature="runCreateLead(java.lang.String,java.lang.String,java.lang.String,java.lang.String,java.lang.String)[pri:0, instance:testcases.CreateLead@5149d738]" started-at="2022-05-18T15:33:58 IST" name="runCreateLead" data-provider="provideData" finished-at="2022-05-18T15:34:04 IST" duration-ms="5720" status="PASS">
          <params>
            <param index="0">
              <value>
                <![CDATA[DemoSalesManager]]>
              </value>
            </param>
            <param index="1">
              <value>
                <![CDATA[crmsfa]]>
              </value>
            </param>
            <param index="2">
              <value>
                <![CDATA[Testleaf]]>
              </value>
            </param>
            <param index="3">
              <value>
                <![CDATA[Sheriba]]>
              </value>
            </param>
            <param index="4">
              <value>
                <![CDATA[T]]>
              </value>
            </param>
          </params>
          <reporter-output>
          </reporter-output>
        </test-method> <!-- runCreateLead -->
        <test-method is-config="true" signature="postCondition()[pri:0, instance:testcases.CreateLead@5149d738]" started-at="2022-05-18T15:34:04 IST" name="postCondition" finished-at="2022-05-18T15:34:04 IST" duration-ms="123" status="PASS">
          <reporter-output>
          </reporter-output>
        </test-method> <!-- postCondition -->
      </class> <!-- testcases.CreateLead -->
    </test> <!-- Default test -->
  </suite> <!-- Default suite -->
</testng-results>
