<?xml version="1.0" encoding="UTF-8"?>
<testng-results ignored="0" total="250" passed="250" failed="0" skipped="0">
  <reporter-output>
  </reporter-output>
  <suite started-at="2022-10-05T18:39:06 IST" name="Default suite" finished-at="2022-10-05T19:11:48 IST" duration-ms="1961481">
    <groups>
    </groups>
    <test started-at="2022-10-05T18:39:06 IST" name="Default test" finished-at="2022-10-05T19:11:48 IST" duration-ms="1961481">
      <class name="testcases.VerifyLink">
        <test-method is-config="true" signature="setValue()[pri:0, instance:testcases.VerifyLink@cb0755b]" started-at="2022-10-05T18:39:06 IST" name="setValue" finished-at="2022-10-05T18:39:07 IST" duration-ms="856" status="PASS">
          <reporter-output>
          </reporter-output>
        </test-method> <!-- setValue -->
        <test-method is-config="true" signature="preCondition()[pri:0, instance:testcases.VerifyLink@cb0755b]" started-at="2022-10-05T18:39:08 IST" name="preCondition" finished-at="2022-10-05T18:39:12 IST" duration-ms="3116" status="PASS">
          <reporter-output>
          </reporter-output>
        </test-method> <!-- preCondition -->
        <test-method signature="runVerifyLogin(java.lang.String)[pri:0, instance:testcases.VerifyLink@cb0755b]" started-at="2022-10-05T18:39:12 IST" name="runVerifyLogin" data-provider="provideData" finished-at="2022-10-05T18:39:17 IST" duration-ms="5857" status="PASS">
          <params>
            <param index="0">
              <value>
                <![CDATA[https://www.amazon.fr/dp/B00155090U]]>
              </value>
            </param>
          </params>
          <reporter-output>
          </reporter-output>
        </test-method> <!-- runVerifyLogin -->
        <test-method is-config="true" signature="postCondition()[pri:0, instance:testcases.VerifyLink@cb0755b]" started-at="2022-10-05T18:39:17 IST" name="postCondition" finished-at="2022-10-05T18:39:18 IST" duration-ms="397" status="PASS">
          <reporter-output>
          </reporter-output>
        </test-method> <!-- postCondition -->
        <test-method is-config="true" signature="preCondition()[pri:0, instance:testcases.VerifyLink@cb0755b]" started-at="2022-10-05T18:39:18 IST" name="preCondition" finished-at="2022-10-05T18:39:19 IST" duration-ms="1055" status="PASS">
          <reporter-output>
          </reporter-output>
        </test-method> <!-- preCondition -->
        <test-method signature="runVerifyLogin(java.lang.String)[pri:0, instance:testcases.VerifyLink@cb0755b]" started-at="2022-10-05T18:39:19 IST" name="runVerifyLogin" data-provider="provideData" finished-at="2022-10-05T18:39:26 IST" duration-ms="7111" status="PASS">
          <params>
            <param index="0">
              <value>
                <![CDATA[https://www.amazon.fr/dp/B001554ZXC]]>
              </value>
            </param>
          </params>
          <reporter-output>
          </reporter-output>
        </test-method> <!-- runVerifyLogin -->
        <test-method is-config="true" signature="postCondition()[pri:0, instance:testcases.VerifyLink@cb0755b]" started-at="2022-10-05T18:39:26 IST" name="postCondition" finished-at="2022-10-05T18:39:26 IST" duration-ms="375" status="PASS">
          <reporter-output>
          </reporter-output>
        </test-method> <!-- postCondition -->
        <test-method is-config="true" signature="preCondition()[pri:0, instance:testcases.VerifyLink@cb0755b]" started-at="2022-10-05T18:39:26 IST" name="preCondition" finished-at="2022-10-05T18:39:27 IST" duration-ms="1116" status="PASS">
          <reporter-output>
          </reporter-output>
        </test-method> <!-- preCondition -->
        <test-method signature="runVerifyLogin(java.lang.String)[pri:0, instance:testcases.VerifyLink@cb0755b]" started-at="2022-10-05T18:39:27 IST" name="runVerifyLogin" data-provider="provideData" finished-at="2022-10-05T18:39:34 IST" duration-ms="6805" status="PASS">
          <params>
            <param index="0">
              <value>
                <![CDATA[https://www.amazon.fr/dp/B001D2TXJS]]>
              </value>
            </param>
          </params>
          <reporter-output>
          </reporter-output>
        </test-method> <!-- runVerifyLogin -->
        <test-method is-config="true" signature="postCondition()[pri:0, instance:testcases.VerifyLink@cb0755b]" started-at="2022-10-05T18:39:34 IST" name="postCondition" finished-at="2022-10-05T18:39:35 IST" duration-ms="388" status="PASS">
          <reporter-output>
          </reporter-output>
        </test-method> <!-- postCondition -->
        <test-method is-config="true" signature="preCondition()[pri:0, instance:testcases.VerifyLink@cb0755b]" started-at="2022-10-05T18:39:35 IST" name="preCondition" finished-at="2022-10-05T18:39:36 IST" duration-ms="1124" status="PASS">
          <reporter-output>
          </reporter-output>
        </test-method> <!-- preCondition -->
        <test-method signature="runVerifyLogin(java.lang.String)[pri:0, instance:testcases.VerifyLink@cb0755b]" started-at="2022-10-05T18:39:36 IST" name="runVerifyLogin" data-provider="provideData" finished-at="2022-10-05T18:39:46 IST" duration-ms="10431" status="PASS">
          <params>
            <param index="0">
              <value>
                <![CDATA[https://www.amazon.fr/dp/B003U60HRM]]>
              </value>
            </param>
          </params>
          <reporter-output>
          </reporter-output>
        </test-method> <!-- runVerifyLogin -->
        <test-method is-config="true" signature="postCondition()[pri:0, instance:testcases.VerifyLink@cb0755b]" started-at="2022-10-05T18:39:46 IST" name="postCondition" finished-at="2022-10-05T18:39:47 IST" duration-ms="356" status="PASS">
          <reporter-output>
          </reporter-output>
        </test-method> <!-- postCondition -->
        <test-method is-config="true" signature="preCondition()[pri:0, instance:testcases.VerifyLink@cb0755b]" started-at="2022-10-05T18:39:47 IST" name="preCondition" finished-at="2022-10-05T18:39:48 IST" duration-ms="1134" status="PASS">
          <reporter-output>
          </reporter-output>
        </test-method> <!-- preCondition -->
        <test-method signature="runVerifyLogin(java.lang.String)[pri:0, instance:testcases.VerifyLink@cb0755b]" started-at="2022-10-05T18:39:48 IST" name="runVerifyLogin" data-provider="provideData" finished-at="2022-10-05T18:39:54 IST" duration-ms="6255" status="PASS">
          <params>
            <param index="0">
              <value>
                <![CDATA[https://www.amazon.fr/dp/B004AOOLA2]]>
              </value>
            </param>
          </params>
          <reporter-output>
          </reporter-output>
        </test-method> <!-- runVerifyLogin -->
        <test-method is-config="true" signature="postCondition()[pri:0, instance:testcases.VerifyLink@cb0755b]" started-at="2022-10-05T18:39:54 IST" name="postCondition" finished-at="2022-10-05T18:39:54 IST" duration-ms="346" status="PASS">
          <reporter-output>
          </reporter-output>
        </test-method> <!-- postCondition -->
        <test-method is-config="true" signature="preCondition()[pri:0, instance:testcases.VerifyLink@cb0755b]" started-at="2022-10-05T18:39:54 IST" name="preCondition" finished-at="2022-10-05T18:39:56 IST" duration-ms="1205" status="PASS">
          <reporter-output>
          </reporter-output>
        </test-method> <!-- preCondition -->
        <test-method signature="runVerifyLogin(java.lang.String)[pri:0, instance:testcases.VerifyLink@cb0755b]" started-at="2022-10-05T18:39:56 IST" name="runVerifyLogin" data-provider="provideData" finished-at="2022-10-05T18:40:02 IST" duration-ms="6725" status="PASS">
          <params>
            <param index="0">
              <value>
                <![CDATA[https://www.amazon.fr/dp/B004ISHAZ8]]>
              </value>
            </param>
          </params>
          <reporter-output>
          </reporter-output>
        </test-method> <!-- runVerifyLogin -->
        <test-method is-config="true" signature="postCondition()[pri:0, instance:testcases.VerifyLink@cb0755b]" started-at="2022-10-05T18:40:02 IST" name="postCondition" finished-at="2022-10-05T18:40:03 IST" duration-ms="359" status="PASS">
          <reporter-output>
          </reporter-output>
        </test-method> <!-- postCondition -->
        <test-method is-config="true" signature="preCondition()[pri:0, instance:testcases.VerifyLink@cb0755b]" started-at="2022-10-05T18:40:03 IST" name="preCondition" finished-at="2022-10-05T18:40:04 IST" duration-ms="1145" status="PASS">
          <reporter-output>
          </reporter-output>
        </test-method> <!-- preCondition -->
        <test-method signature="runVerifyLogin(java.lang.String)[pri:0, instance:testcases.VerifyLink@cb0755b]" started-at="2022-10-05T18:40:04 IST" name="runVerifyLogin" data-provider="provideData" finished-at="2022-10-05T18:40:10 IST" duration-ms="6159" status="PASS">
          <params>
            <param index="0">
              <value>
                <![CDATA[https://www.amazon.fr/dp/B004ISVDQK]]>
              </value>
            </param>
          </params>
          <reporter-output>
          </reporter-output>
        </test-method> <!-- runVerifyLogin -->
        <test-method is-config="true" signature="postCondition()[pri:0, instance:testcases.VerifyLink@cb0755b]" started-at="2022-10-05T18:40:10 IST" name="postCondition" finished-at="2022-10-05T18:40:10 IST" duration-ms="367" status="PASS">
          <reporter-output>
          </reporter-output>
        </test-method> <!-- postCondition -->
        <test-method is-config="true" signature="preCondition()[pri:0, instance:testcases.VerifyLink@cb0755b]" started-at="2022-10-05T18:40:10 IST" name="preCondition" finished-at="2022-10-05T18:40:11 IST" duration-ms="1070" status="PASS">
          <reporter-output>
          </reporter-output>
        </test-method> <!-- preCondition -->
        <test-method signature="runVerifyLogin(java.lang.String)[pri:0, instance:testcases.VerifyLink@cb0755b]" started-at="2022-10-05T18:40:11 IST" name="runVerifyLogin" data-provider="provideData" finished-at="2022-10-05T18:40:22 IST" duration-ms="11009" status="PASS">
          <params>
            <param index="0">
              <value>
                <![CDATA[https://www.amazon.fr/dp/B0051AA45U]]>
              </value>
            </param>
          </params>
          <reporter-output>
          </reporter-output>
        </test-method> <!-- runVerifyLogin -->
        <test-method is-config="true" signature="postCondition()[pri:0, instance:testcases.VerifyLink@cb0755b]" started-at="2022-10-05T18:40:22 IST" name="postCondition" finished-at="2022-10-05T18:40:23 IST" duration-ms="404" status="PASS">
          <reporter-output>
          </reporter-output>
        </test-method> <!-- postCondition -->
        <test-method is-config="true" signature="preCondition()[pri:0, instance:testcases.VerifyLink@cb0755b]" started-at="2022-10-05T18:40:23 IST" name="preCondition" finished-at="2022-10-05T18:40:24 IST" duration-ms="1077" status="PASS">
          <reporter-output>
          </reporter-output>
        </test-method> <!-- preCondition -->
        <test-method signature="runVerifyLogin(java.lang.String)[pri:0, instance:testcases.VerifyLink@cb0755b]" started-at="2022-10-05T18:40:24 IST" name="runVerifyLogin" data-provider="provideData" finished-at="2022-10-05T18:40:30 IST" duration-ms="5719" status="PASS">
          <params>
            <param index="0">
              <value>
                <![CDATA[https://www.amazon.fr/dp/B007924YFO]]>
              </value>
            </param>
          </params>
          <reporter-output>
          </reporter-output>
        </test-method> <!-- runVerifyLogin -->
        <test-method is-config="true" signature="postCondition()[pri:0, instance:testcases.VerifyLink@cb0755b]" started-at="2022-10-05T18:40:30 IST" name="postCondition" finished-at="2022-10-05T18:40:30 IST" duration-ms="384" status="PASS">
          <reporter-output>
          </reporter-output>
        </test-method> <!-- postCondition -->
        <test-method is-config="true" signature="preCondition()[pri:0, instance:testcases.VerifyLink@cb0755b]" started-at="2022-10-05T18:40:30 IST" name="preCondition" finished-at="2022-10-05T18:40:31 IST" duration-ms="1184" status="PASS">
          <reporter-output>
          </reporter-output>
        </test-method> <!-- preCondition -->
        <test-method signature="runVerifyLogin(java.lang.String)[pri:0, instance:testcases.VerifyLink@cb0755b]" started-at="2022-10-05T18:40:31 IST" name="runVerifyLogin" data-provider="provideData" finished-at="2022-10-05T18:40:37 IST" duration-ms="5542" status="PASS">
          <params>
            <param index="0">
              <value>
                <![CDATA[https://www.amazon.fr/dp/B007924YWM]]>
              </value>
            </param>
          </params>
          <reporter-output>
          </reporter-output>
        </test-method> <!-- runVerifyLogin -->
        <test-method is-config="true" signature="postCondition()[pri:0, instance:testcases.VerifyLink@cb0755b]" started-at="2022-10-05T18:40:37 IST" name="postCondition" finished-at="2022-10-05T18:40:37 IST" duration-ms="348" status="PASS">
          <reporter-output>
          </reporter-output>
        </test-method> <!-- postCondition -->
        <test-method is-config="true" signature="preCondition()[pri:0, instance:testcases.VerifyLink@cb0755b]" started-at="2022-10-05T18:40:37 IST" name="preCondition" finished-at="2022-10-05T18:40:38 IST" duration-ms="1129" status="PASS">
          <reporter-output>
          </reporter-output>
        </test-method> <!-- preCondition -->
        <test-method signature="runVerifyLogin(java.lang.String)[pri:0, instance:testcases.VerifyLink@cb0755b]" started-at="2022-10-05T18:40:38 IST" name="runVerifyLogin" data-provider="provideData" finished-at="2022-10-05T18:40:44 IST" duration-ms="6344" status="PASS">
          <params>
            <param index="0">
              <value>
                <![CDATA[https://www.amazon.fr/dp/B00B1C0A92]]>
              </value>
            </param>
          </params>
          <reporter-output>
          </reporter-output>
        </test-method> <!-- runVerifyLogin -->
        <test-method is-config="true" signature="postCondition()[pri:0, instance:testcases.VerifyLink@cb0755b]" started-at="2022-10-05T18:40:44 IST" name="postCondition" finished-at="2022-10-05T18:40:45 IST" duration-ms="409" status="PASS">
          <reporter-output>
          </reporter-output>
        </test-method> <!-- postCondition -->
        <test-method is-config="true" signature="preCondition()[pri:0, instance:testcases.VerifyLink@cb0755b]" started-at="2022-10-05T18:40:45 IST" name="preCondition" finished-at="2022-10-05T18:40:46 IST" duration-ms="994" status="PASS">
          <reporter-output>
          </reporter-output>
        </test-method> <!-- preCondition -->
        <test-method signature="runVerifyLogin(java.lang.String)[pri:0, instance:testcases.VerifyLink@cb0755b]" started-at="2022-10-05T18:40:46 IST" name="runVerifyLogin" data-provider="provideData" finished-at="2022-10-05T18:40:57 IST" duration-ms="10786" status="PASS">
          <params>
            <param index="0">
              <value>
                <![CDATA[https://www.amazon.fr/dp/B0051AA45U]]>
              </value>
            </param>
          </params>
          <reporter-output>
          </reporter-output>
        </test-method> <!-- runVerifyLogin -->
        <test-method is-config="true" signature="postCondition()[pri:0, instance:testcases.VerifyLink@cb0755b]" started-at="2022-10-05T18:40:57 IST" name="postCondition" finished-at="2022-10-05T18:40:57 IST" duration-ms="385" status="PASS">
          <reporter-output>
          </reporter-output>
        </test-method> <!-- postCondition -->
        <test-method is-config="true" signature="preCondition()[pri:0, instance:testcases.VerifyLink@cb0755b]" started-at="2022-10-05T18:40:57 IST" name="preCondition" finished-at="2022-10-05T18:40:58 IST" duration-ms="1127" status="PASS">
          <reporter-output>
          </reporter-output>
        </test-method> <!-- preCondition -->
        <test-method signature="runVerifyLogin(java.lang.String)[pri:0, instance:testcases.VerifyLink@cb0755b]" started-at="2022-10-05T18:40:58 IST" name="runVerifyLogin" data-provider="provideData" finished-at="2022-10-05T18:41:09 IST" duration-ms="10387" status="PASS">
          <params>
            <param index="0">
              <value>
                <![CDATA[https://www.amazon.fr/dp/B00B1C5EY8]]>
              </value>
            </param>
          </params>
          <reporter-output>
          </reporter-output>
        </test-method> <!-- runVerifyLogin -->
        <test-method is-config="true" signature="postCondition()[pri:0, instance:testcases.VerifyLink@cb0755b]" started-at="2022-10-05T18:41:09 IST" name="postCondition" finished-at="2022-10-05T18:41:09 IST" duration-ms="367" status="PASS">
          <reporter-output>
          </reporter-output>
        </test-method> <!-- postCondition -->
        <test-method is-config="true" signature="preCondition()[pri:0, instance:testcases.VerifyLink@cb0755b]" started-at="2022-10-05T18:41:09 IST" name="preCondition" finished-at="2022-10-05T18:41:10 IST" duration-ms="998" status="PASS">
          <reporter-output>
          </reporter-output>
        </test-method> <!-- preCondition -->
        <test-method signature="runVerifyLogin(java.lang.String)[pri:0, instance:testcases.VerifyLink@cb0755b]" started-at="2022-10-05T18:41:10 IST" name="runVerifyLogin" data-provider="provideData" finished-at="2022-10-05T18:41:20 IST" duration-ms="9833" status="PASS">
          <params>
            <param index="0">
              <value>
                <![CDATA[https://www.amazon.fr/dp/B00B1C7ANQ]]>
              </value>
            </param>
          </params>
          <reporter-output>
          </reporter-output>
        </test-method> <!-- runVerifyLogin -->
        <test-method is-config="true" signature="postCondition()[pri:0, instance:testcases.VerifyLink@cb0755b]" started-at="2022-10-05T18:41:20 IST" name="postCondition" finished-at="2022-10-05T18:41:20 IST" duration-ms="450" status="PASS">
          <reporter-output>
          </reporter-output>
        </test-method> <!-- postCondition -->
        <test-method is-config="true" signature="preCondition()[pri:0, instance:testcases.VerifyLink@cb0755b]" started-at="2022-10-05T18:41:20 IST" name="preCondition" finished-at="2022-10-05T18:41:21 IST" duration-ms="1189" status="PASS">
          <reporter-output>
          </reporter-output>
        </test-method> <!-- preCondition -->
        <test-method signature="runVerifyLogin(java.lang.String)[pri:0, instance:testcases.VerifyLink@cb0755b]" started-at="2022-10-05T18:41:21 IST" name="runVerifyLogin" data-provider="provideData" finished-at="2022-10-05T18:41:28 IST" duration-ms="6916" status="PASS">
          <params>
            <param index="0">
              <value>
                <![CDATA[https://www.amazon.fr/dp/B00B1C7I6K]]>
              </value>
            </param>
          </params>
          <reporter-output>
          </reporter-output>
        </test-method> <!-- runVerifyLogin -->
        <test-method is-config="true" signature="postCondition()[pri:0, instance:testcases.VerifyLink@cb0755b]" started-at="2022-10-05T18:41:28 IST" name="postCondition" finished-at="2022-10-05T18:41:29 IST" duration-ms="353" status="PASS">
          <reporter-output>
          </reporter-output>
        </test-method> <!-- postCondition -->
        <test-method is-config="true" signature="preCondition()[pri:0, instance:testcases.VerifyLink@cb0755b]" started-at="2022-10-05T18:41:29 IST" name="preCondition" finished-at="2022-10-05T18:41:30 IST" duration-ms="1135" status="PASS">
          <reporter-output>
          </reporter-output>
        </test-method> <!-- preCondition -->
        <test-method signature="runVerifyLogin(java.lang.String)[pri:0, instance:testcases.VerifyLink@cb0755b]" started-at="2022-10-05T18:41:30 IST" name="runVerifyLogin" data-provider="provideData" finished-at="2022-10-05T18:41:36 IST" duration-ms="5905" status="PASS">
          <params>
            <param index="0">
              <value>
                <![CDATA[https://www.amazon.fr/dp/B00BD0PYH0]]>
              </value>
            </param>
          </params>
          <reporter-output>
          </reporter-output>
        </test-method> <!-- runVerifyLogin -->
        <test-method is-config="true" signature="postCondition()[pri:0, instance:testcases.VerifyLink@cb0755b]" started-at="2022-10-05T18:41:36 IST" name="postCondition" finished-at="2022-10-05T18:41:36 IST" duration-ms="407" status="PASS">
          <reporter-output>
          </reporter-output>
        </test-method> <!-- postCondition -->
        <test-method is-config="true" signature="preCondition()[pri:0, instance:testcases.VerifyLink@cb0755b]" started-at="2022-10-05T18:41:36 IST" name="preCondition" finished-at="2022-10-05T18:41:37 IST" duration-ms="1148" status="PASS">
          <reporter-output>
          </reporter-output>
        </test-method> <!-- preCondition -->
        <test-method signature="runVerifyLogin(java.lang.String)[pri:0, instance:testcases.VerifyLink@cb0755b]" started-at="2022-10-05T18:41:37 IST" name="runVerifyLogin" data-provider="provideData" finished-at="2022-10-05T18:41:53 IST" duration-ms="15977" status="PASS">
          <params>
            <param index="0">
              <value>
                <![CDATA[https://www.amazon.fr/dp/B00B1C5EY8]]>
              </value>
            </param>
          </params>
          <reporter-output>
          </reporter-output>
        </test-method> <!-- runVerifyLogin -->
        <test-method is-config="true" signature="postCondition()[pri:0, instance:testcases.VerifyLink@cb0755b]" started-at="2022-10-05T18:41:53 IST" name="postCondition" finished-at="2022-10-05T18:41:54 IST" duration-ms="325" status="PASS">
          <reporter-output>
          </reporter-output>
        </test-method> <!-- postCondition -->
        <test-method is-config="true" signature="preCondition()[pri:0, instance:testcases.VerifyLink@cb0755b]" started-at="2022-10-05T18:41:54 IST" name="preCondition" finished-at="2022-10-05T18:41:55 IST" duration-ms="1105" status="PASS">
          <reporter-output>
          </reporter-output>
        </test-method> <!-- preCondition -->
        <test-method signature="runVerifyLogin(java.lang.String)[pri:0, instance:testcases.VerifyLink@cb0755b]" started-at="2022-10-05T18:41:55 IST" name="runVerifyLogin" data-provider="provideData" finished-at="2022-10-05T18:42:02 IST" duration-ms="7353" status="PASS">
          <params>
            <param index="0">
              <value>
                <![CDATA[https://www.amazon.fr/dp/B00B1C7ANQ]]>
              </value>
            </param>
          </params>
          <reporter-output>
          </reporter-output>
        </test-method> <!-- runVerifyLogin -->
        <test-method is-config="true" signature="postCondition()[pri:0, instance:testcases.VerifyLink@cb0755b]" started-at="2022-10-05T18:42:02 IST" name="postCondition" finished-at="2022-10-05T18:42:02 IST" duration-ms="319" status="PASS">
          <reporter-output>
          </reporter-output>
        </test-method> <!-- postCondition -->
        <test-method is-config="true" signature="preCondition()[pri:0, instance:testcases.VerifyLink@cb0755b]" started-at="2022-10-05T18:42:02 IST" name="preCondition" finished-at="2022-10-05T18:42:03 IST" duration-ms="1062" status="PASS">
          <reporter-output>
          </reporter-output>
        </test-method> <!-- preCondition -->
        <test-method signature="runVerifyLogin(java.lang.String)[pri:0, instance:testcases.VerifyLink@cb0755b]" started-at="2022-10-05T18:42:03 IST" name="runVerifyLogin" data-provider="provideData" finished-at="2022-10-05T18:42:10 IST" duration-ms="6514" status="PASS">
          <params>
            <param index="0">
              <value>
                <![CDATA[https://www.amazon.fr/dp/B00B1C7I6K]]>
              </value>
            </param>
          </params>
          <reporter-output>
          </reporter-output>
        </test-method> <!-- runVerifyLogin -->
        <test-method is-config="true" signature="postCondition()[pri:0, instance:testcases.VerifyLink@cb0755b]" started-at="2022-10-05T18:42:10 IST" name="postCondition" finished-at="2022-10-05T18:42:10 IST" duration-ms="319" status="PASS">
          <reporter-output>
          </reporter-output>
        </test-method> <!-- postCondition -->
        <test-method is-config="true" signature="preCondition()[pri:0, instance:testcases.VerifyLink@cb0755b]" started-at="2022-10-05T18:42:10 IST" name="preCondition" finished-at="2022-10-05T18:42:11 IST" duration-ms="1105" status="PASS">
          <reporter-output>
          </reporter-output>
        </test-method> <!-- preCondition -->
        <test-method signature="runVerifyLogin(java.lang.String)[pri:0, instance:testcases.VerifyLink@cb0755b]" started-at="2022-10-05T18:42:11 IST" name="runVerifyLogin" data-provider="provideData" finished-at="2022-10-05T18:42:17 IST" duration-ms="5656" status="PASS">
          <params>
            <param index="0">
              <value>
                <![CDATA[https://www.amazon.fr/dp/B00BD0PYH0]]>
              </value>
            </param>
          </params>
          <reporter-output>
          </reporter-output>
        </test-method> <!-- runVerifyLogin -->
        <test-method is-config="true" signature="postCondition()[pri:0, instance:testcases.VerifyLink@cb0755b]" started-at="2022-10-05T18:42:17 IST" name="postCondition" finished-at="2022-10-05T18:42:17 IST" duration-ms="356" status="PASS">
          <reporter-output>
          </reporter-output>
        </test-method> <!-- postCondition -->
        <test-method is-config="true" signature="preCondition()[pri:0, instance:testcases.VerifyLink@cb0755b]" started-at="2022-10-05T18:42:17 IST" name="preCondition" finished-at="2022-10-05T18:42:18 IST" duration-ms="1097" status="PASS">
          <reporter-output>
          </reporter-output>
        </test-method> <!-- preCondition -->
        <test-method signature="runVerifyLogin(java.lang.String)[pri:0, instance:testcases.VerifyLink@cb0755b]" started-at="2022-10-05T18:42:18 IST" name="runVerifyLogin" data-provider="provideData" finished-at="2022-10-05T18:42:24 IST" duration-ms="5342" status="PASS">
          <params>
            <param index="0">
              <value>
                <![CDATA[https://www.amazon.fr/dp/B00RMW3JXY]]>
              </value>
            </param>
          </params>
          <reporter-output>
          </reporter-output>
        </test-method> <!-- runVerifyLogin -->
        <test-method is-config="true" signature="postCondition()[pri:0, instance:testcases.VerifyLink@cb0755b]" started-at="2022-10-05T18:42:24 IST" name="postCondition" finished-at="2022-10-05T18:42:24 IST" duration-ms="414" status="PASS">
          <reporter-output>
          </reporter-output>
        </test-method> <!-- postCondition -->
        <test-method is-config="true" signature="preCondition()[pri:0, instance:testcases.VerifyLink@cb0755b]" started-at="2022-10-05T18:42:24 IST" name="preCondition" finished-at="2022-10-05T18:42:25 IST" duration-ms="1009" status="PASS">
          <reporter-output>
          </reporter-output>
        </test-method> <!-- preCondition -->
        <test-method signature="runVerifyLogin(java.lang.String)[pri:0, instance:testcases.VerifyLink@cb0755b]" started-at="2022-10-05T18:42:25 IST" name="runVerifyLogin" data-provider="provideData" finished-at="2022-10-05T18:42:31 IST" duration-ms="5640" status="PASS">
          <params>
            <param index="0">
              <value>
                <![CDATA[https://www.amazon.fr/dp/B00S127Y1M]]>
              </value>
            </param>
          </params>
          <reporter-output>
          </reporter-output>
        </test-method> <!-- runVerifyLogin -->
        <test-method is-config="true" signature="postCondition()[pri:0, instance:testcases.VerifyLink@cb0755b]" started-at="2022-10-05T18:42:31 IST" name="postCondition" finished-at="2022-10-05T18:42:31 IST" duration-ms="366" status="PASS">
          <reporter-output>
          </reporter-output>
        </test-method> <!-- postCondition -->
        <test-method is-config="true" signature="preCondition()[pri:0, instance:testcases.VerifyLink@cb0755b]" started-at="2022-10-05T18:42:31 IST" name="preCondition" finished-at="2022-10-05T18:42:32 IST" duration-ms="1039" status="PASS">
          <reporter-output>
          </reporter-output>
        </test-method> <!-- preCondition -->
        <test-method signature="runVerifyLogin(java.lang.String)[pri:0, instance:testcases.VerifyLink@cb0755b]" started-at="2022-10-05T18:42:32 IST" name="runVerifyLogin" data-provider="provideData" finished-at="2022-10-05T18:42:38 IST" duration-ms="5653" status="PASS">
          <params>
            <param index="0">
              <value>
                <![CDATA[https://www.amazon.fr/dp/B017L071H6]]>
              </value>
            </param>
          </params>
          <reporter-output>
          </reporter-output>
        </test-method> <!-- runVerifyLogin -->
        <test-method is-config="true" signature="postCondition()[pri:0, instance:testcases.VerifyLink@cb0755b]" started-at="2022-10-05T18:42:38 IST" name="postCondition" finished-at="2022-10-05T18:42:38 IST" duration-ms="344" status="PASS">
          <reporter-output>
          </reporter-output>
        </test-method> <!-- postCondition -->
        <test-method is-config="true" signature="preCondition()[pri:0, instance:testcases.VerifyLink@cb0755b]" started-at="2022-10-05T18:42:38 IST" name="preCondition" finished-at="2022-10-05T18:42:39 IST" duration-ms="1045" status="PASS">
          <reporter-output>
          </reporter-output>
        </test-method> <!-- preCondition -->
        <test-method signature="runVerifyLogin(java.lang.String)[pri:0, instance:testcases.VerifyLink@cb0755b]" started-at="2022-10-05T18:42:39 IST" name="runVerifyLogin" data-provider="provideData" finished-at="2022-10-05T18:42:54 IST" duration-ms="14406" status="PASS">
          <params>
            <param index="0">
              <value>
                <![CDATA[https://www.amazon.fr/dp/B01GFPMG6O]]>
              </value>
            </param>
          </params>
          <reporter-output>
          </reporter-output>
        </test-method> <!-- runVerifyLogin -->
        <test-method is-config="true" signature="postCondition()[pri:0, instance:testcases.VerifyLink@cb0755b]" started-at="2022-10-05T18:42:54 IST" name="postCondition" finished-at="2022-10-05T18:42:54 IST" duration-ms="309" status="PASS">
          <reporter-output>
          </reporter-output>
        </test-method> <!-- postCondition -->
        <test-method is-config="true" signature="preCondition()[pri:0, instance:testcases.VerifyLink@cb0755b]" started-at="2022-10-05T18:42:54 IST" name="preCondition" finished-at="2022-10-05T18:42:55 IST" duration-ms="990" status="PASS">
          <reporter-output>
          </reporter-output>
        </test-method> <!-- preCondition -->
        <test-method signature="runVerifyLogin(java.lang.String)[pri:0, instance:testcases.VerifyLink@cb0755b]" started-at="2022-10-05T18:42:55 IST" name="runVerifyLogin" data-provider="provideData" finished-at="2022-10-05T18:43:01 IST" duration-ms="5642" status="PASS">
          <params>
            <param index="0">
              <value>
                <![CDATA[https://www.amazon.fr/dp/B01JGQHA3S]]>
              </value>
            </param>
          </params>
          <reporter-output>
          </reporter-output>
        </test-method> <!-- runVerifyLogin -->
        <test-method is-config="true" signature="postCondition()[pri:0, instance:testcases.VerifyLink@cb0755b]" started-at="2022-10-05T18:43:01 IST" name="postCondition" finished-at="2022-10-05T18:43:01 IST" duration-ms="366" status="PASS">
          <reporter-output>
          </reporter-output>
        </test-method> <!-- postCondition -->
        <test-method is-config="true" signature="preCondition()[pri:0, instance:testcases.VerifyLink@cb0755b]" started-at="2022-10-05T18:43:01 IST" name="preCondition" finished-at="2022-10-05T18:43:02 IST" duration-ms="1087" status="PASS">
          <reporter-output>
          </reporter-output>
        </test-method> <!-- preCondition -->
        <test-method signature="runVerifyLogin(java.lang.String)[pri:0, instance:testcases.VerifyLink@cb0755b]" started-at="2022-10-05T18:43:02 IST" name="runVerifyLogin" data-provider="provideData" finished-at="2022-10-05T18:43:08 IST" duration-ms="5521" status="PASS">
          <params>
            <param index="0">
              <value>
                <![CDATA[https://www.amazon.fr/dp/B01M9ELAWL]]>
              </value>
            </param>
          </params>
          <reporter-output>
          </reporter-output>
        </test-method> <!-- runVerifyLogin -->
        <test-method is-config="true" signature="postCondition()[pri:0, instance:testcases.VerifyLink@cb0755b]" started-at="2022-10-05T18:43:08 IST" name="postCondition" finished-at="2022-10-05T18:43:08 IST" duration-ms="358" status="PASS">
          <reporter-output>
          </reporter-output>
        </test-method> <!-- postCondition -->
        <test-method is-config="true" signature="preCondition()[pri:0, instance:testcases.VerifyLink@cb0755b]" started-at="2022-10-05T18:43:08 IST" name="preCondition" finished-at="2022-10-05T18:43:09 IST" duration-ms="1001" status="PASS">
          <reporter-output>
          </reporter-output>
        </test-method> <!-- preCondition -->
        <test-method signature="runVerifyLogin(java.lang.String)[pri:0, instance:testcases.VerifyLink@cb0755b]" started-at="2022-10-05T18:43:09 IST" name="runVerifyLogin" data-provider="provideData" finished-at="2022-10-05T18:43:17 IST" duration-ms="7967" status="PASS">
          <params>
            <param index="0">
              <value>
                <![CDATA[https://www.amazon.fr/dp/B06ZZT3MFS]]>
              </value>
            </param>
          </params>
          <reporter-output>
          </reporter-output>
        </test-method> <!-- runVerifyLogin -->
        <test-method is-config="true" signature="postCondition()[pri:0, instance:testcases.VerifyLink@cb0755b]" started-at="2022-10-05T18:43:17 IST" name="postCondition" finished-at="2022-10-05T18:43:17 IST" duration-ms="370" status="PASS">
          <reporter-output>
          </reporter-output>
        </test-method> <!-- postCondition -->
        <test-method is-config="true" signature="preCondition()[pri:0, instance:testcases.VerifyLink@cb0755b]" started-at="2022-10-05T18:43:17 IST" name="preCondition" finished-at="2022-10-05T18:43:18 IST" duration-ms="993" status="PASS">
          <reporter-output>
          </reporter-output>
        </test-method> <!-- preCondition -->
        <test-method signature="runVerifyLogin(java.lang.String)[pri:0, instance:testcases.VerifyLink@cb0755b]" started-at="2022-10-05T18:43:18 IST" name="runVerifyLogin" data-provider="provideData" finished-at="2022-10-05T18:43:27 IST" duration-ms="8238" status="PASS">
          <params>
            <param index="0">
              <value>
                <![CDATA[https://www.amazon.fr/dp/B075886SRD]]>
              </value>
            </param>
          </params>
          <reporter-output>
          </reporter-output>
        </test-method> <!-- runVerifyLogin -->
        <test-method is-config="true" signature="postCondition()[pri:0, instance:testcases.VerifyLink@cb0755b]" started-at="2022-10-05T18:43:27 IST" name="postCondition" finished-at="2022-10-05T18:43:27 IST" duration-ms="395" status="PASS">
          <reporter-output>
          </reporter-output>
        </test-method> <!-- postCondition -->
        <test-method is-config="true" signature="preCondition()[pri:0, instance:testcases.VerifyLink@cb0755b]" started-at="2022-10-05T18:43:27 IST" name="preCondition" finished-at="2022-10-05T18:43:28 IST" duration-ms="1071" status="PASS">
          <reporter-output>
          </reporter-output>
        </test-method> <!-- preCondition -->
        <test-method signature="runVerifyLogin(java.lang.String)[pri:0, instance:testcases.VerifyLink@cb0755b]" started-at="2022-10-05T18:43:28 IST" name="runVerifyLogin" data-provider="provideData" finished-at="2022-10-05T18:43:34 IST" duration-ms="5711" status="PASS">
          <params>
            <param index="0">
              <value>
                <![CDATA[https://www.amazon.fr/dp/B07DVGB6R8]]>
              </value>
            </param>
          </params>
          <reporter-output>
          </reporter-output>
        </test-method> <!-- runVerifyLogin -->
        <test-method is-config="true" signature="postCondition()[pri:0, instance:testcases.VerifyLink@cb0755b]" started-at="2022-10-05T18:43:34 IST" name="postCondition" finished-at="2022-10-05T18:43:34 IST" duration-ms="346" status="PASS">
          <reporter-output>
          </reporter-output>
        </test-method> <!-- postCondition -->
        <test-method is-config="true" signature="preCondition()[pri:0, instance:testcases.VerifyLink@cb0755b]" started-at="2022-10-05T18:43:34 IST" name="preCondition" finished-at="2022-10-05T18:43:35 IST" duration-ms="994" status="PASS">
          <reporter-output>
          </reporter-output>
        </test-method> <!-- preCondition -->
        <test-method signature="runVerifyLogin(java.lang.String)[pri:0, instance:testcases.VerifyLink@cb0755b]" started-at="2022-10-05T18:43:35 IST" name="runVerifyLogin" data-provider="provideData" finished-at="2022-10-05T18:43:42 IST" duration-ms="6489" status="PASS">
          <params>
            <param index="0">
              <value>
                <![CDATA[https://www.amazon.fr/dp/B07FTPC3R7]]>
              </value>
            </param>
          </params>
          <reporter-output>
          </reporter-output>
        </test-method> <!-- runVerifyLogin -->
        <test-method is-config="true" signature="postCondition()[pri:0, instance:testcases.VerifyLink@cb0755b]" started-at="2022-10-05T18:43:42 IST" name="postCondition" finished-at="2022-10-05T18:43:42 IST" duration-ms="359" status="PASS">
          <reporter-output>
          </reporter-output>
        </test-method> <!-- postCondition -->
        <test-method is-config="true" signature="preCondition()[pri:0, instance:testcases.VerifyLink@cb0755b]" started-at="2022-10-05T18:43:42 IST" name="preCondition" finished-at="2022-10-05T18:43:43 IST" duration-ms="1110" status="PASS">
          <reporter-output>
          </reporter-output>
        </test-method> <!-- preCondition -->
        <test-method signature="runVerifyLogin(java.lang.String)[pri:0, instance:testcases.VerifyLink@cb0755b]" started-at="2022-10-05T18:43:43 IST" name="runVerifyLogin" data-provider="provideData" finished-at="2022-10-05T18:43:49 IST" duration-ms="6395" status="PASS">
          <params>
            <param index="0">
              <value>
                <![CDATA[https://www.amazon.fr/dp/B07K3S23SJ]]>
              </value>
            </param>
          </params>
          <reporter-output>
          </reporter-output>
        </test-method> <!-- runVerifyLogin -->
        <test-method is-config="true" signature="postCondition()[pri:0, instance:testcases.VerifyLink@cb0755b]" started-at="2022-10-05T18:43:49 IST" name="postCondition" finished-at="2022-10-05T18:43:50 IST" duration-ms="329" status="PASS">
          <reporter-output>
          </reporter-output>
        </test-method> <!-- postCondition -->
        <test-method is-config="true" signature="preCondition()[pri:0, instance:testcases.VerifyLink@cb0755b]" started-at="2022-10-05T18:43:50 IST" name="preCondition" finished-at="2022-10-05T18:43:51 IST" duration-ms="1063" status="PASS">
          <reporter-output>
          </reporter-output>
        </test-method> <!-- preCondition -->
        <test-method signature="runVerifyLogin(java.lang.String)[pri:0, instance:testcases.VerifyLink@cb0755b]" started-at="2022-10-05T18:43:51 IST" name="runVerifyLogin" data-provider="provideData" finished-at="2022-10-05T18:43:59 IST" duration-ms="8090" status="PASS">
          <params>
            <param index="0">
              <value>
                <![CDATA[https://www.amazon.fr/dp/B07SZVW98Z]]>
              </value>
            </param>
          </params>
          <reporter-output>
          </reporter-output>
        </test-method> <!-- runVerifyLogin -->
        <test-method is-config="true" signature="postCondition()[pri:0, instance:testcases.VerifyLink@cb0755b]" started-at="2022-10-05T18:43:59 IST" name="postCondition" finished-at="2022-10-05T18:43:59 IST" duration-ms="429" status="PASS">
          <reporter-output>
          </reporter-output>
        </test-method> <!-- postCondition -->
        <test-method is-config="true" signature="preCondition()[pri:0, instance:testcases.VerifyLink@cb0755b]" started-at="2022-10-05T18:43:59 IST" name="preCondition" finished-at="2022-10-05T18:44:01 IST" duration-ms="1120" status="PASS">
          <reporter-output>
          </reporter-output>
        </test-method> <!-- preCondition -->
        <test-method signature="runVerifyLogin(java.lang.String)[pri:0, instance:testcases.VerifyLink@cb0755b]" started-at="2022-10-05T18:44:01 IST" name="runVerifyLogin" data-provider="provideData" finished-at="2022-10-05T18:44:07 IST" duration-ms="6412" status="PASS">
          <params>
            <param index="0">
              <value>
                <![CDATA[https://www.amazon.fr/dp/B07VVJR5WS]]>
              </value>
            </param>
          </params>
          <reporter-output>
          </reporter-output>
        </test-method> <!-- runVerifyLogin -->
        <test-method is-config="true" signature="postCondition()[pri:0, instance:testcases.VerifyLink@cb0755b]" started-at="2022-10-05T18:44:07 IST" name="postCondition" finished-at="2022-10-05T18:44:07 IST" duration-ms="348" status="PASS">
          <reporter-output>
          </reporter-output>
        </test-method> <!-- postCondition -->
        <test-method is-config="true" signature="preCondition()[pri:0, instance:testcases.VerifyLink@cb0755b]" started-at="2022-10-05T18:44:07 IST" name="preCondition" finished-at="2022-10-05T18:44:08 IST" duration-ms="1081" status="PASS">
          <reporter-output>
          </reporter-output>
        </test-method> <!-- preCondition -->
        <test-method signature="runVerifyLogin(java.lang.String)[pri:0, instance:testcases.VerifyLink@cb0755b]" started-at="2022-10-05T18:44:08 IST" name="runVerifyLogin" data-provider="provideData" finished-at="2022-10-05T18:44:18 IST" duration-ms="9388" status="PASS">
          <params>
            <param index="0">
              <value>
                <![CDATA[https://www.amazon.fr/dp/B089S1NC2H]]>
              </value>
            </param>
          </params>
          <reporter-output>
          </reporter-output>
        </test-method> <!-- runVerifyLogin -->
        <test-method is-config="true" signature="postCondition()[pri:0, instance:testcases.VerifyLink@cb0755b]" started-at="2022-10-05T18:44:18 IST" name="postCondition" finished-at="2022-10-05T18:44:18 IST" duration-ms="220" status="PASS">
          <reporter-output>
          </reporter-output>
        </test-method> <!-- postCondition -->
        <test-method is-config="true" signature="preCondition()[pri:0, instance:testcases.VerifyLink@cb0755b]" started-at="2022-10-05T18:44:18 IST" name="preCondition" finished-at="2022-10-05T18:44:19 IST" duration-ms="685" status="PASS">
          <reporter-output>
          </reporter-output>
        </test-method> <!-- preCondition -->
        <test-method signature="runVerifyLogin(java.lang.String)[pri:0, instance:testcases.VerifyLink@cb0755b]" started-at="2022-10-05T18:44:19 IST" name="runVerifyLogin" data-provider="provideData" finished-at="2022-10-05T18:44:25 IST" duration-ms="5928" status="PASS">
          <params>
            <param index="0">
              <value>
                <![CDATA[https://www.amazon.fr/dp/B08CRVNT2Z]]>
              </value>
            </param>
          </params>
          <reporter-output>
          </reporter-output>
        </test-method> <!-- runVerifyLogin -->
        <test-method is-config="true" signature="postCondition()[pri:0, instance:testcases.VerifyLink@cb0755b]" started-at="2022-10-05T18:44:25 IST" name="postCondition" finished-at="2022-10-05T18:44:25 IST" duration-ms="224" status="PASS">
          <reporter-output>
          </reporter-output>
        </test-method> <!-- postCondition -->
        <test-method is-config="true" signature="preCondition()[pri:0, instance:testcases.VerifyLink@cb0755b]" started-at="2022-10-05T18:44:25 IST" name="preCondition" finished-at="2022-10-05T18:44:25 IST" duration-ms="683" status="PASS">
          <reporter-output>
          </reporter-output>
        </test-method> <!-- preCondition -->
        <test-method signature="runVerifyLogin(java.lang.String)[pri:0, instance:testcases.VerifyLink@cb0755b]" started-at="2022-10-05T18:44:25 IST" name="runVerifyLogin" data-provider="provideData" finished-at="2022-10-05T18:44:33 IST" duration-ms="7714" status="PASS">
          <params>
            <param index="0">
              <value>
                <![CDATA[https://www.amazon.fr/dp/B08LN8H2PC]]>
              </value>
            </param>
          </params>
          <reporter-output>
          </reporter-output>
        </test-method> <!-- runVerifyLogin -->
        <test-method is-config="true" signature="postCondition()[pri:0, instance:testcases.VerifyLink@cb0755b]" started-at="2022-10-05T18:44:33 IST" name="postCondition" finished-at="2022-10-05T18:44:33 IST" duration-ms="205" status="PASS">
          <reporter-output>
          </reporter-output>
        </test-method> <!-- postCondition -->
        <test-method is-config="true" signature="preCondition()[pri:0, instance:testcases.VerifyLink@cb0755b]" started-at="2022-10-05T18:44:33 IST" name="preCondition" finished-at="2022-10-05T18:44:34 IST" duration-ms="656" status="PASS">
          <reporter-output>
          </reporter-output>
        </test-method> <!-- preCondition -->
        <test-method signature="runVerifyLogin(java.lang.String)[pri:0, instance:testcases.VerifyLink@cb0755b]" started-at="2022-10-05T18:44:34 IST" name="runVerifyLogin" data-provider="provideData" finished-at="2022-10-05T18:44:44 IST" duration-ms="9678" status="PASS">
          <params>
            <param index="0">
              <value>
                <![CDATA[https://www.amazon.fr/dp/B093WBZWCR]]>
              </value>
            </param>
          </params>
          <reporter-output>
          </reporter-output>
        </test-method> <!-- runVerifyLogin -->
        <test-method is-config="true" signature="postCondition()[pri:0, instance:testcases.VerifyLink@cb0755b]" started-at="2022-10-05T18:44:44 IST" name="postCondition" finished-at="2022-10-05T18:44:44 IST" duration-ms="242" status="PASS">
          <reporter-output>
          </reporter-output>
        </test-method> <!-- postCondition -->
        <test-method is-config="true" signature="preCondition()[pri:0, instance:testcases.VerifyLink@cb0755b]" started-at="2022-10-05T18:44:44 IST" name="preCondition" finished-at="2022-10-05T18:44:45 IST" duration-ms="677" status="PASS">
          <reporter-output>
          </reporter-output>
        </test-method> <!-- preCondition -->
        <test-method signature="runVerifyLogin(java.lang.String)[pri:0, instance:testcases.VerifyLink@cb0755b]" started-at="2022-10-05T18:44:45 IST" name="runVerifyLogin" data-provider="provideData" finished-at="2022-10-05T18:44:52 IST" duration-ms="7254" status="PASS">
          <params>
            <param index="0">
              <value>
                <![CDATA[https://www.amazon.com/dp379611072X]]>
              </value>
            </param>
          </params>
          <reporter-output>
          </reporter-output>
        </test-method> <!-- runVerifyLogin -->
        <test-method is-config="true" signature="postCondition()[pri:0, instance:testcases.VerifyLink@cb0755b]" started-at="2022-10-05T18:44:52 IST" name="postCondition" finished-at="2022-10-05T18:44:52 IST" duration-ms="179" status="PASS">
          <reporter-output>
          </reporter-output>
        </test-method> <!-- postCondition -->
        <test-method is-config="true" signature="preCondition()[pri:0, instance:testcases.VerifyLink@cb0755b]" started-at="2022-10-05T18:44:52 IST" name="preCondition" finished-at="2022-10-05T18:44:53 IST" duration-ms="630" status="PASS">
          <reporter-output>
          </reporter-output>
        </test-method> <!-- preCondition -->
        <test-method signature="runVerifyLogin(java.lang.String)[pri:0, instance:testcases.VerifyLink@cb0755b]" started-at="2022-10-05T18:44:53 IST" name="runVerifyLogin" data-provider="provideData" finished-at="2022-10-05T18:44:59 IST" duration-ms="6293" status="PASS">
          <params>
            <param index="0">
              <value>
                <![CDATA[https://www.amazon.fr/dp/B000Y8UYEK]]>
              </value>
            </param>
          </params>
          <reporter-output>
          </reporter-output>
        </test-method> <!-- runVerifyLogin -->
        <test-method is-config="true" signature="postCondition()[pri:0, instance:testcases.VerifyLink@cb0755b]" started-at="2022-10-05T18:44:59 IST" name="postCondition" finished-at="2022-10-05T18:44:59 IST" duration-ms="215" status="PASS">
          <reporter-output>
          </reporter-output>
        </test-method> <!-- postCondition -->
        <test-method is-config="true" signature="preCondition()[pri:0, instance:testcases.VerifyLink@cb0755b]" started-at="2022-10-05T18:44:59 IST" name="preCondition" finished-at="2022-10-05T18:45:00 IST" duration-ms="670" status="PASS">
          <reporter-output>
          </reporter-output>
        </test-method> <!-- preCondition -->
        <test-method signature="runVerifyLogin(java.lang.String)[pri:0, instance:testcases.VerifyLink@cb0755b]" started-at="2022-10-05T18:45:00 IST" name="runVerifyLogin" data-provider="provideData" finished-at="2022-10-05T18:45:08 IST" duration-ms="7832" status="PASS">
          <params>
            <param index="0">
              <value>
                <![CDATA[https://www.amazon.fr/dp/B018S5P9N6]]>
              </value>
            </param>
          </params>
          <reporter-output>
          </reporter-output>
        </test-method> <!-- runVerifyLogin -->
        <test-method is-config="true" signature="postCondition()[pri:0, instance:testcases.VerifyLink@cb0755b]" started-at="2022-10-05T18:45:08 IST" name="postCondition" finished-at="2022-10-05T18:45:08 IST" duration-ms="184" status="PASS">
          <reporter-output>
          </reporter-output>
        </test-method> <!-- postCondition -->
        <test-method is-config="true" signature="preCondition()[pri:0, instance:testcases.VerifyLink@cb0755b]" started-at="2022-10-05T18:45:08 IST" name="preCondition" finished-at="2022-10-05T18:45:09 IST" duration-ms="671" status="PASS">
          <reporter-output>
          </reporter-output>
        </test-method> <!-- preCondition -->
        <test-method signature="runVerifyLogin(java.lang.String)[pri:0, instance:testcases.VerifyLink@cb0755b]" started-at="2022-10-05T18:45:09 IST" name="runVerifyLogin" data-provider="provideData" finished-at="2022-10-05T18:45:13 IST" duration-ms="4857" status="PASS">
          <params>
            <param index="0">
              <value>
                <![CDATA[https://www.amazon.fr/dp/B001NIBJIU]]>
              </value>
            </param>
          </params>
          <reporter-output>
          </reporter-output>
        </test-method> <!-- runVerifyLogin -->
        <test-method is-config="true" signature="postCondition()[pri:0, instance:testcases.VerifyLink@cb0755b]" started-at="2022-10-05T18:45:13 IST" name="postCondition" finished-at="2022-10-05T18:45:14 IST" duration-ms="208" status="PASS">
          <reporter-output>
          </reporter-output>
        </test-method> <!-- postCondition -->
        <test-method is-config="true" signature="preCondition()[pri:0, instance:testcases.VerifyLink@cb0755b]" started-at="2022-10-05T18:45:14 IST" name="preCondition" finished-at="2022-10-05T18:45:14 IST" duration-ms="664" status="PASS">
          <reporter-output>
          </reporter-output>
        </test-method> <!-- preCondition -->
        <test-method signature="runVerifyLogin(java.lang.String)[pri:0, instance:testcases.VerifyLink@cb0755b]" started-at="2022-10-05T18:45:14 IST" name="runVerifyLogin" data-provider="provideData" finished-at="2022-10-05T18:45:19 IST" duration-ms="4941" status="PASS">
          <params>
            <param index="0">
              <value>
                <![CDATA[https://www.amazon.fr/dp/B002LUWPGY]]>
              </value>
            </param>
          </params>
          <reporter-output>
          </reporter-output>
        </test-method> <!-- runVerifyLogin -->
        <test-method is-config="true" signature="postCondition()[pri:0, instance:testcases.VerifyLink@cb0755b]" started-at="2022-10-05T18:45:19 IST" name="postCondition" finished-at="2022-10-05T18:45:19 IST" duration-ms="215" status="PASS">
          <reporter-output>
          </reporter-output>
        </test-method> <!-- postCondition -->
        <test-method is-config="true" signature="preCondition()[pri:0, instance:testcases.VerifyLink@cb0755b]" started-at="2022-10-05T18:45:19 IST" name="preCondition" finished-at="2022-10-05T18:45:20 IST" duration-ms="672" status="PASS">
          <reporter-output>
          </reporter-output>
        </test-method> <!-- preCondition -->
        <test-method signature="runVerifyLogin(java.lang.String)[pri:0, instance:testcases.VerifyLink@cb0755b]" started-at="2022-10-05T18:45:20 IST" name="runVerifyLogin" data-provider="provideData" finished-at="2022-10-05T18:45:25 IST" duration-ms="5105" status="PASS">
          <params>
            <param index="0">
              <value>
                <![CDATA[https://www.amazon.fr/dp/B000Y8UADK]]>
              </value>
            </param>
          </params>
          <reporter-output>
          </reporter-output>
        </test-method> <!-- runVerifyLogin -->
        <test-method is-config="true" signature="postCondition()[pri:0, instance:testcases.VerifyLink@cb0755b]" started-at="2022-10-05T18:45:25 IST" name="postCondition" finished-at="2022-10-05T18:45:25 IST" duration-ms="203" status="PASS">
          <reporter-output>
          </reporter-output>
        </test-method> <!-- postCondition -->
        <test-method is-config="true" signature="preCondition()[pri:0, instance:testcases.VerifyLink@cb0755b]" started-at="2022-10-05T18:45:25 IST" name="preCondition" finished-at="2022-10-05T18:45:26 IST" duration-ms="642" status="PASS">
          <reporter-output>
          </reporter-output>
        </test-method> <!-- preCondition -->
        <test-method signature="runVerifyLogin(java.lang.String)[pri:0, instance:testcases.VerifyLink@cb0755b]" started-at="2022-10-05T18:45:26 IST" name="runVerifyLogin" data-provider="provideData" finished-at="2022-10-05T18:45:31 IST" duration-ms="5266" status="PASS">
          <params>
            <param index="0">
              <value>
                <![CDATA[https://www.amazon.fr/dp/B00B1C1U14]]>
              </value>
            </param>
          </params>
          <reporter-output>
          </reporter-output>
        </test-method> <!-- runVerifyLogin -->
        <test-method is-config="true" signature="postCondition()[pri:0, instance:testcases.VerifyLink@cb0755b]" started-at="2022-10-05T18:45:31 IST" name="postCondition" finished-at="2022-10-05T18:45:32 IST" duration-ms="214" status="PASS">
          <reporter-output>
          </reporter-output>
        </test-method> <!-- postCondition -->
        <test-method is-config="true" signature="preCondition()[pri:0, instance:testcases.VerifyLink@cb0755b]" started-at="2022-10-05T18:45:32 IST" name="preCondition" finished-at="2022-10-05T18:45:32 IST" duration-ms="647" status="PASS">
          <reporter-output>
          </reporter-output>
        </test-method> <!-- preCondition -->
        <test-method signature="runVerifyLogin(java.lang.String)[pri:0, instance:testcases.VerifyLink@cb0755b]" started-at="2022-10-05T18:45:32 IST" name="runVerifyLogin" data-provider="provideData" finished-at="2022-10-05T18:45:37 IST" duration-ms="4734" status="PASS">
          <params>
            <param index="0">
              <value>
                <![CDATA[https://www.amazon.fr/dp/B007R9XVVM]]>
              </value>
            </param>
          </params>
          <reporter-output>
          </reporter-output>
        </test-method> <!-- runVerifyLogin -->
        <test-method is-config="true" signature="postCondition()[pri:0, instance:testcases.VerifyLink@cb0755b]" started-at="2022-10-05T18:45:37 IST" name="postCondition" finished-at="2022-10-05T18:45:37 IST" duration-ms="222" status="PASS">
          <reporter-output>
          </reporter-output>
        </test-method> <!-- postCondition -->
        <test-method is-config="true" signature="preCondition()[pri:0, instance:testcases.VerifyLink@cb0755b]" started-at="2022-10-05T18:45:37 IST" name="preCondition" finished-at="2022-10-05T18:45:38 IST" duration-ms="637" status="PASS">
          <reporter-output>
          </reporter-output>
        </test-method> <!-- preCondition -->
        <test-method signature="runVerifyLogin(java.lang.String)[pri:0, instance:testcases.VerifyLink@cb0755b]" started-at="2022-10-05T18:45:38 IST" name="runVerifyLogin" data-provider="provideData" finished-at="2022-10-05T18:45:42 IST" duration-ms="4636" status="PASS">
          <params>
            <param index="0">
              <value>
                <![CDATA[https://www.amazon.fr/dp/B07LH467WJ]]>
              </value>
            </param>
          </params>
          <reporter-output>
          </reporter-output>
        </test-method> <!-- runVerifyLogin -->
        <test-method is-config="true" signature="postCondition()[pri:0, instance:testcases.VerifyLink@cb0755b]" started-at="2022-10-05T18:45:42 IST" name="postCondition" finished-at="2022-10-05T18:45:43 IST" duration-ms="219" status="PASS">
          <reporter-output>
          </reporter-output>
        </test-method> <!-- postCondition -->
        <test-method is-config="true" signature="preCondition()[pri:0, instance:testcases.VerifyLink@cb0755b]" started-at="2022-10-05T18:45:43 IST" name="preCondition" finished-at="2022-10-05T18:45:43 IST" duration-ms="694" status="PASS">
          <reporter-output>
          </reporter-output>
        </test-method> <!-- preCondition -->
        <test-method signature="runVerifyLogin(java.lang.String)[pri:0, instance:testcases.VerifyLink@cb0755b]" started-at="2022-10-05T18:45:43 IST" name="runVerifyLogin" data-provider="provideData" finished-at="2022-10-05T18:45:50 IST" duration-ms="6779" status="PASS">
          <params>
            <param index="0">
              <value>
                <![CDATA[https://www.amazon.fr/dp/B000Y8ZP6W]]>
              </value>
            </param>
          </params>
          <reporter-output>
          </reporter-output>
        </test-method> <!-- runVerifyLogin -->
        <test-method is-config="true" signature="postCondition()[pri:0, instance:testcases.VerifyLink@cb0755b]" started-at="2022-10-05T18:45:50 IST" name="postCondition" finished-at="2022-10-05T18:45:50 IST" duration-ms="221" status="PASS">
          <reporter-output>
          </reporter-output>
        </test-method> <!-- postCondition -->
        <test-method is-config="true" signature="preCondition()[pri:0, instance:testcases.VerifyLink@cb0755b]" started-at="2022-10-05T18:45:50 IST" name="preCondition" finished-at="2022-10-05T18:45:51 IST" duration-ms="647" status="PASS">
          <reporter-output>
          </reporter-output>
        </test-method> <!-- preCondition -->
        <test-method signature="runVerifyLogin(java.lang.String)[pri:0, instance:testcases.VerifyLink@cb0755b]" started-at="2022-10-05T18:45:51 IST" name="runVerifyLogin" data-provider="provideData" finished-at="2022-10-05T18:45:56 IST" duration-ms="5403" status="PASS">
          <params>
            <param index="0">
              <value>
                <![CDATA[https://www.amazon.fr/dp/B001D32GTG]]>
              </value>
            </param>
          </params>
          <reporter-output>
          </reporter-output>
        </test-method> <!-- runVerifyLogin -->
        <test-method is-config="true" signature="postCondition()[pri:0, instance:testcases.VerifyLink@cb0755b]" started-at="2022-10-05T18:45:56 IST" name="postCondition" finished-at="2022-10-05T18:45:57 IST" duration-ms="236" status="PASS">
          <reporter-output>
          </reporter-output>
        </test-method> <!-- postCondition -->
        <test-method is-config="true" signature="preCondition()[pri:0, instance:testcases.VerifyLink@cb0755b]" started-at="2022-10-05T18:45:57 IST" name="preCondition" finished-at="2022-10-05T18:45:57 IST" duration-ms="644" status="PASS">
          <reporter-output>
          </reporter-output>
        </test-method> <!-- preCondition -->
        <test-method signature="runVerifyLogin(java.lang.String)[pri:0, instance:testcases.VerifyLink@cb0755b]" started-at="2022-10-05T18:45:57 IST" name="runVerifyLogin" data-provider="provideData" finished-at="2022-10-05T18:46:02 IST" duration-ms="5108" status="PASS">
          <params>
            <param index="0">
              <value>
                <![CDATA[https://www.amazon.fr/dp/B01M1BMVTX]]>
              </value>
            </param>
          </params>
          <reporter-output>
          </reporter-output>
        </test-method> <!-- runVerifyLogin -->
        <test-method is-config="true" signature="postCondition()[pri:0, instance:testcases.VerifyLink@cb0755b]" started-at="2022-10-05T18:46:02 IST" name="postCondition" finished-at="2022-10-05T18:46:03 IST" duration-ms="236" status="PASS">
          <reporter-output>
          </reporter-output>
        </test-method> <!-- postCondition -->
        <test-method is-config="true" signature="preCondition()[pri:0, instance:testcases.VerifyLink@cb0755b]" started-at="2022-10-05T18:46:03 IST" name="preCondition" finished-at="2022-10-05T18:46:03 IST" duration-ms="641" status="PASS">
          <reporter-output>
          </reporter-output>
        </test-method> <!-- preCondition -->
        <test-method signature="runVerifyLogin(java.lang.String)[pri:0, instance:testcases.VerifyLink@cb0755b]" started-at="2022-10-05T18:46:03 IST" name="runVerifyLogin" data-provider="provideData" finished-at="2022-10-05T18:46:08 IST" duration-ms="4893" status="PASS">
          <params>
            <param index="0">
              <value>
                <![CDATA[https://www.amazon.fr/dp/B001D32GTG]]>
              </value>
            </param>
          </params>
          <reporter-output>
          </reporter-output>
        </test-method> <!-- runVerifyLogin -->
        <test-method is-config="true" signature="postCondition()[pri:0, instance:testcases.VerifyLink@cb0755b]" started-at="2022-10-05T18:46:08 IST" name="postCondition" finished-at="2022-10-05T18:46:08 IST" duration-ms="238" status="PASS">
          <reporter-output>
          </reporter-output>
        </test-method> <!-- postCondition -->
        <test-method is-config="true" signature="preCondition()[pri:0, instance:testcases.VerifyLink@cb0755b]" started-at="2022-10-05T18:46:08 IST" name="preCondition" finished-at="2022-10-05T18:46:09 IST" duration-ms="630" status="PASS">
          <reporter-output>
          </reporter-output>
        </test-method> <!-- preCondition -->
        <test-method signature="runVerifyLogin(java.lang.String)[pri:0, instance:testcases.VerifyLink@cb0755b]" started-at="2022-10-05T18:46:09 IST" name="runVerifyLogin" data-provider="provideData" finished-at="2022-10-05T18:46:15 IST" duration-ms="5709" status="PASS">
          <params>
            <param index="0">
              <value>
                <![CDATA[https://www.amazon.fr/dp/B0001P0WMA]]>
              </value>
            </param>
          </params>
          <reporter-output>
          </reporter-output>
        </test-method> <!-- runVerifyLogin -->
        <test-method is-config="true" signature="postCondition()[pri:0, instance:testcases.VerifyLink@cb0755b]" started-at="2022-10-05T18:46:15 IST" name="postCondition" finished-at="2022-10-05T18:46:15 IST" duration-ms="242" status="PASS">
          <reporter-output>
          </reporter-output>
        </test-method> <!-- postCondition -->
        <test-method is-config="true" signature="preCondition()[pri:0, instance:testcases.VerifyLink@cb0755b]" started-at="2022-10-05T18:46:15 IST" name="preCondition" finished-at="2022-10-05T18:46:16 IST" duration-ms="655" status="PASS">
          <reporter-output>
          </reporter-output>
        </test-method> <!-- preCondition -->
        <test-method signature="runVerifyLogin(java.lang.String)[pri:0, instance:testcases.VerifyLink@cb0755b]" started-at="2022-10-05T18:46:16 IST" name="runVerifyLogin" data-provider="provideData" finished-at="2022-10-05T18:46:21 IST" duration-ms="5501" status="PASS">
          <params>
            <param index="0">
              <value>
                <![CDATA[https://www.amazon.fr/dp/B004ZDXI66]]>
              </value>
            </param>
          </params>
          <reporter-output>
          </reporter-output>
        </test-method> <!-- runVerifyLogin -->
        <test-method is-config="true" signature="postCondition()[pri:0, instance:testcases.VerifyLink@cb0755b]" started-at="2022-10-05T18:46:21 IST" name="postCondition" finished-at="2022-10-05T18:46:21 IST" duration-ms="239" status="PASS">
          <reporter-output>
          </reporter-output>
        </test-method> <!-- postCondition -->
        <test-method is-config="true" signature="preCondition()[pri:0, instance:testcases.VerifyLink@cb0755b]" started-at="2022-10-05T18:46:21 IST" name="preCondition" finished-at="2022-10-05T18:46:22 IST" duration-ms="660" status="PASS">
          <reporter-output>
          </reporter-output>
        </test-method> <!-- preCondition -->
        <test-method signature="runVerifyLogin(java.lang.String)[pri:0, instance:testcases.VerifyLink@cb0755b]" started-at="2022-10-05T18:46:22 IST" name="runVerifyLogin" data-provider="provideData" finished-at="2022-10-05T18:46:27 IST" duration-ms="5052" status="PASS">
          <params>
            <param index="0">
              <value>
                <![CDATA[https://www.amazon.fr/dp/B017LNR1SC]]>
              </value>
            </param>
          </params>
          <reporter-output>
          </reporter-output>
        </test-method> <!-- runVerifyLogin -->
        <test-method is-config="true" signature="postCondition()[pri:0, instance:testcases.VerifyLink@cb0755b]" started-at="2022-10-05T18:46:27 IST" name="postCondition" finished-at="2022-10-05T18:46:27 IST" duration-ms="252" status="PASS">
          <reporter-output>
          </reporter-output>
        </test-method> <!-- postCondition -->
        <test-method is-config="true" signature="preCondition()[pri:0, instance:testcases.VerifyLink@cb0755b]" started-at="2022-10-05T18:46:27 IST" name="preCondition" finished-at="2022-10-05T18:46:28 IST" duration-ms="638" status="PASS">
          <reporter-output>
          </reporter-output>
        </test-method> <!-- preCondition -->
        <test-method signature="runVerifyLogin(java.lang.String)[pri:0, instance:testcases.VerifyLink@cb0755b]" started-at="2022-10-05T18:46:28 IST" name="runVerifyLogin" data-provider="provideData" finished-at="2022-10-05T18:46:33 IST" duration-ms="5231" status="PASS">
          <params>
            <param index="0">
              <value>
                <![CDATA[https://www.amazon.fr/dp/B017LNRFBA]]>
              </value>
            </param>
          </params>
          <reporter-output>
          </reporter-output>
        </test-method> <!-- runVerifyLogin -->
        <test-method is-config="true" signature="postCondition()[pri:0, instance:testcases.VerifyLink@cb0755b]" started-at="2022-10-05T18:46:33 IST" name="postCondition" finished-at="2022-10-05T18:46:33 IST" duration-ms="241" status="PASS">
          <reporter-output>
          </reporter-output>
        </test-method> <!-- postCondition -->
        <test-method is-config="true" signature="preCondition()[pri:0, instance:testcases.VerifyLink@cb0755b]" started-at="2022-10-05T18:46:33 IST" name="preCondition" finished-at="2022-10-05T18:46:34 IST" duration-ms="639" status="PASS">
          <reporter-output>
          </reporter-output>
        </test-method> <!-- preCondition -->
        <test-method signature="runVerifyLogin(java.lang.String)[pri:0, instance:testcases.VerifyLink@cb0755b]" started-at="2022-10-05T18:46:34 IST" name="runVerifyLogin" data-provider="provideData" finished-at="2022-10-05T18:46:41 IST" duration-ms="7139" status="PASS">
          <params>
            <param index="0">
              <value>
                <![CDATA[https://www.amazon.fr/dp/B0019JMQ0S]]>
              </value>
            </param>
          </params>
          <reporter-output>
          </reporter-output>
        </test-method> <!-- runVerifyLogin -->
        <test-method is-config="true" signature="postCondition()[pri:0, instance:testcases.VerifyLink@cb0755b]" started-at="2022-10-05T18:46:41 IST" name="postCondition" finished-at="2022-10-05T18:46:41 IST" duration-ms="219" status="PASS">
          <reporter-output>
          </reporter-output>
        </test-method> <!-- postCondition -->
        <test-method is-config="true" signature="preCondition()[pri:0, instance:testcases.VerifyLink@cb0755b]" started-at="2022-10-05T18:46:41 IST" name="preCondition" finished-at="2022-10-05T18:46:42 IST" duration-ms="664" status="PASS">
          <reporter-output>
          </reporter-output>
        </test-method> <!-- preCondition -->
        <test-method signature="runVerifyLogin(java.lang.String)[pri:0, instance:testcases.VerifyLink@cb0755b]" started-at="2022-10-05T18:46:42 IST" name="runVerifyLogin" data-provider="provideData" finished-at="2022-10-05T18:46:49 IST" duration-ms="6418" status="PASS">
          <params>
            <param index="0">
              <value>
                <![CDATA[https://www.amazon.fr/dp/B08CJ8C4RD]]>
              </value>
            </param>
          </params>
          <reporter-output>
          </reporter-output>
        </test-method> <!-- runVerifyLogin -->
        <test-method is-config="true" signature="postCondition()[pri:0, instance:testcases.VerifyLink@cb0755b]" started-at="2022-10-05T18:46:49 IST" name="postCondition" finished-at="2022-10-05T18:46:49 IST" duration-ms="227" status="PASS">
          <reporter-output>
          </reporter-output>
        </test-method> <!-- postCondition -->
        <test-method is-config="true" signature="preCondition()[pri:0, instance:testcases.VerifyLink@cb0755b]" started-at="2022-10-05T18:46:49 IST" name="preCondition" finished-at="2022-10-05T18:46:49 IST" duration-ms="657" status="PASS">
          <reporter-output>
          </reporter-output>
        </test-method> <!-- preCondition -->
        <test-method signature="runVerifyLogin(java.lang.String)[pri:0, instance:testcases.VerifyLink@cb0755b]" started-at="2022-10-05T18:46:49 IST" name="runVerifyLogin" data-provider="provideData" finished-at="2022-10-05T18:46:55 IST" duration-ms="5873" status="PASS">
          <params>
            <param index="0">
              <value>
                <![CDATA[https://www.amazon.fr/dp/B08J84T7ZW]]>
              </value>
            </param>
          </params>
          <reporter-output>
          </reporter-output>
        </test-method> <!-- runVerifyLogin -->
        <test-method is-config="true" signature="postCondition()[pri:0, instance:testcases.VerifyLink@cb0755b]" started-at="2022-10-05T18:46:55 IST" name="postCondition" finished-at="2022-10-05T18:46:56 IST" duration-ms="210" status="PASS">
          <reporter-output>
          </reporter-output>
        </test-method> <!-- postCondition -->
        <test-method is-config="true" signature="preCondition()[pri:0, instance:testcases.VerifyLink@cb0755b]" started-at="2022-10-05T18:46:56 IST" name="preCondition" finished-at="2022-10-05T18:46:56 IST" duration-ms="661" status="PASS">
          <reporter-output>
          </reporter-output>
        </test-method> <!-- preCondition -->
        <test-method signature="runVerifyLogin(java.lang.String)[pri:0, instance:testcases.VerifyLink@cb0755b]" started-at="2022-10-05T18:46:56 IST" name="runVerifyLogin" data-provider="provideData" finished-at="2022-10-05T18:47:01 IST" duration-ms="5060" status="PASS">
          <params>
            <param index="0">
              <value>
                <![CDATA[https://www.amazon.fr/dp/B0002BURNM]]>
              </value>
            </param>
          </params>
          <reporter-output>
          </reporter-output>
        </test-method> <!-- runVerifyLogin -->
        <test-method is-config="true" signature="postCondition()[pri:0, instance:testcases.VerifyLink@cb0755b]" started-at="2022-10-05T18:47:01 IST" name="postCondition" finished-at="2022-10-05T18:47:01 IST" duration-ms="217" status="PASS">
          <reporter-output>
          </reporter-output>
        </test-method> <!-- postCondition -->
        <test-method is-config="true" signature="preCondition()[pri:0, instance:testcases.VerifyLink@cb0755b]" started-at="2022-10-05T18:47:01 IST" name="preCondition" finished-at="2022-10-05T18:47:02 IST" duration-ms="659" status="PASS">
          <reporter-output>
          </reporter-output>
        </test-method> <!-- preCondition -->
        <test-method signature="runVerifyLogin(java.lang.String)[pri:0, instance:testcases.VerifyLink@cb0755b]" started-at="2022-10-05T18:47:02 IST" name="runVerifyLogin" data-provider="provideData" finished-at="2022-10-05T18:47:08 IST" duration-ms="5380" status="PASS">
          <params>
            <param index="0">
              <value>
                <![CDATA[https://www.amazon.fr/dp/B0001K9U82]]>
              </value>
            </param>
          </params>
          <reporter-output>
          </reporter-output>
        </test-method> <!-- runVerifyLogin -->
        <test-method is-config="true" signature="postCondition()[pri:0, instance:testcases.VerifyLink@cb0755b]" started-at="2022-10-05T18:47:08 IST" name="postCondition" finished-at="2022-10-05T18:47:08 IST" duration-ms="207" status="PASS">
          <reporter-output>
          </reporter-output>
        </test-method> <!-- postCondition -->
        <test-method is-config="true" signature="preCondition()[pri:0, instance:testcases.VerifyLink@cb0755b]" started-at="2022-10-05T18:47:08 IST" name="preCondition" finished-at="2022-10-05T18:47:08 IST" duration-ms="684" status="PASS">
          <reporter-output>
          </reporter-output>
        </test-method> <!-- preCondition -->
        <test-method signature="runVerifyLogin(java.lang.String)[pri:0, instance:testcases.VerifyLink@cb0755b]" started-at="2022-10-05T18:47:08 IST" name="runVerifyLogin" data-provider="provideData" finished-at="2022-10-05T18:47:13 IST" duration-ms="4983" status="PASS">
          <params>
            <param index="0">
              <value>
                <![CDATA[https://www.amazon.fr/dp/B0001K9U82]]>
              </value>
            </param>
          </params>
          <reporter-output>
          </reporter-output>
        </test-method> <!-- runVerifyLogin -->
        <test-method is-config="true" signature="postCondition()[pri:0, instance:testcases.VerifyLink@cb0755b]" started-at="2022-10-05T18:47:13 IST" name="postCondition" finished-at="2022-10-05T18:47:14 IST" duration-ms="209" status="PASS">
          <reporter-output>
          </reporter-output>
        </test-method> <!-- postCondition -->
        <test-method is-config="true" signature="preCondition()[pri:0, instance:testcases.VerifyLink@cb0755b]" started-at="2022-10-05T18:47:14 IST" name="preCondition" finished-at="2022-10-05T18:47:14 IST" duration-ms="655" status="PASS">
          <reporter-output>
          </reporter-output>
        </test-method> <!-- preCondition -->
        <test-method signature="runVerifyLogin(java.lang.String)[pri:0, instance:testcases.VerifyLink@cb0755b]" started-at="2022-10-05T18:47:14 IST" name="runVerifyLogin" data-provider="provideData" finished-at="2022-10-05T18:47:19 IST" duration-ms="5095" status="PASS">
          <params>
            <param index="0">
              <value>
                <![CDATA[https://www.amazon.fr/dp/B00AE6R026]]>
              </value>
            </param>
          </params>
          <reporter-output>
          </reporter-output>
        </test-method> <!-- runVerifyLogin -->
        <test-method is-config="true" signature="postCondition()[pri:0, instance:testcases.VerifyLink@cb0755b]" started-at="2022-10-05T18:47:19 IST" name="postCondition" finished-at="2022-10-05T18:47:20 IST" duration-ms="219" status="PASS">
          <reporter-output>
          </reporter-output>
        </test-method> <!-- postCondition -->
        <test-method is-config="true" signature="preCondition()[pri:0, instance:testcases.VerifyLink@cb0755b]" started-at="2022-10-05T18:47:20 IST" name="preCondition" finished-at="2022-10-05T18:47:20 IST" duration-ms="669" status="PASS">
          <reporter-output>
          </reporter-output>
        </test-method> <!-- preCondition -->
        <test-method signature="runVerifyLogin(java.lang.String)[pri:0, instance:testcases.VerifyLink@cb0755b]" started-at="2022-10-05T18:47:20 IST" name="runVerifyLogin" data-provider="provideData" finished-at="2022-10-05T18:47:25 IST" duration-ms="4742" status="PASS">
          <params>
            <param index="0">
              <value>
                <![CDATA[https://www.amazon.fr/dp/B008HR5WQ0]]>
              </value>
            </param>
          </params>
          <reporter-output>
          </reporter-output>
        </test-method> <!-- runVerifyLogin -->
        <test-method is-config="true" signature="postCondition()[pri:0, instance:testcases.VerifyLink@cb0755b]" started-at="2022-10-05T18:47:25 IST" name="postCondition" finished-at="2022-10-05T18:47:25 IST" duration-ms="230" status="PASS">
          <reporter-output>
          </reporter-output>
        </test-method> <!-- postCondition -->
        <test-method is-config="true" signature="preCondition()[pri:0, instance:testcases.VerifyLink@cb0755b]" started-at="2022-10-05T18:47:25 IST" name="preCondition" finished-at="2022-10-05T18:47:26 IST" duration-ms="668" status="PASS">
          <reporter-output>
          </reporter-output>
        </test-method> <!-- preCondition -->
        <test-method signature="runVerifyLogin(java.lang.String)[pri:0, instance:testcases.VerifyLink@cb0755b]" started-at="2022-10-05T18:47:26 IST" name="runVerifyLogin" data-provider="provideData" finished-at="2022-10-05T18:47:31 IST" duration-ms="5163" status="PASS">
          <params>
            <param index="0">
              <value>
                <![CDATA[https://www.amazon.fr/dp/B00K5MWPXS]]>
              </value>
            </param>
          </params>
          <reporter-output>
          </reporter-output>
        </test-method> <!-- runVerifyLogin -->
[...]
        </test-method> <!-- preCondition -->
        <test-method signature="runVerifyLogin(java.lang.String)[pri:0, instance:testcases.VerifyLink@cb0755b]" started-at="2022-10-05T19:09:50 IST" name="runVerifyLogin" data-provider="provideData" finished-at="2022-10-05T19:09:55 IST" duration-ms="5311" status="PASS">
          <params>
            <param index="0">
              <value>
                <![CDATA[https://www.amazon.fr/dp/B01ASVTN5I]]>
              </value>
            </param>
          </params>
          <reporter-output>
          </reporter-output>
        </test-method> <!-- runVerifyLogin -->
        <test-method is-config="true" signature="postCondition()[pri:0, instance:testcases.VerifyLink@cb0755b]" started-at="2022-10-05T19:09:55 IST" name="postCondition" finished-at="2022-10-05T19:09:56 IST" duration-ms="228" status="PASS">
          <reporter-output>
          </reporter-output>
        </test-method> <!-- postCondition -->
        <test-method is-config="true" signature="preCondition()[pri:0, instance:testcases.VerifyLink@cb0755b]" started-at="2022-10-05T19:09:56 IST" name="preCondition" finished-at="2022-10-05T19:09:56 IST" duration-ms="687" status="PASS">
          <reporter-output>
          </reporter-output>
        </test-method> <!-- preCondition -->
        <test-method signature="runVerifyLogin(java.lang.String)[pri:0, instance:testcases.VerifyLink@cb0755b]" started-at="2022-10-05T19:09:56 IST" name="runVerifyLogin" data-provider="provideData" finished-at="2022-10-05T19:10:02 IST" duration-ms="5290" status="PASS">
          <params>
            <param index="0">
              <value>
                <![CDATA[https://www.amazon.fr/dp/B001553NMG]]>
              </value>
            </param>
          </params>
          <reporter-output>
          </reporter-output>
        </test-method> <!-- runVerifyLogin -->
        <test-method is-config="true" signature="postCondition()[pri:0, instance:testcases.VerifyLink@cb0755b]" started-at="2022-10-05T19:10:02 IST" name="postCondition" finished-at="2022-10-05T19:10:02 IST" duration-ms="242" status="PASS">
          <reporter-output>
          </reporter-output>
        </test-method> <!-- postCondition -->
        <test-method is-config="true" signature="preCondition()[pri:0, instance:testcases.VerifyLink@cb0755b]" started-at="2022-10-05T19:10:02 IST" name="preCondition" finished-at="2022-10-05T19:10:03 IST" duration-ms="691" status="PASS">
          <reporter-output>
          </reporter-output>
        </test-method> <!-- preCondition -->
        <test-method signature="runVerifyLogin(java.lang.String)[pri:0, instance:testcases.VerifyLink@cb0755b]" started-at="2022-10-05T19:10:03 IST" name="runVerifyLogin" data-provider="provideData" finished-at="2022-10-05T19:10:08 IST" duration-ms="4886" status="PASS">
          <params>
            <param index="0">
              <value>
                <![CDATA[https://www.amazon.fr/dp/B07BRW42NB]]>
              </value>
            </param>
          </params>
          <reporter-output>
          </reporter-output>
        </test-method> <!-- runVerifyLogin -->
        <test-method is-config="true" signature="postCondition()[pri:0, instance:testcases.VerifyLink@cb0755b]" started-at="2022-10-05T19:10:08 IST" name="postCondition" finished-at="2022-10-05T19:10:08 IST" duration-ms="233" status="PASS">
          <reporter-output>
          </reporter-output>
        </test-method> <!-- postCondition -->
        <test-method is-config="true" signature="preCondition()[pri:0, instance:testcases.VerifyLink@cb0755b]" started-at="2022-10-05T19:10:08 IST" name="preCondition" finished-at="2022-10-05T19:10:08 IST" duration-ms="690" status="PASS">
          <reporter-output>
          </reporter-output>
        </test-method> <!-- preCondition -->
        <test-method signature="runVerifyLogin(java.lang.String)[pri:0, instance:testcases.VerifyLink@cb0755b]" started-at="2022-10-05T19:10:08 IST" name="runVerifyLogin" data-provider="provideData" finished-at="2022-10-05T19:10:18 IST" duration-ms="9996" status="PASS">
          <params>
            <param index="0">
              <value>
                <![CDATA[https://www.amazon.fr/dp/B001AO115S]]>
              </value>
            </param>
          </params>
          <reporter-output>
          </reporter-output>
        </test-method> <!-- runVerifyLogin -->
        <test-method is-config="true" signature="postCondition()[pri:0, instance:testcases.VerifyLink@cb0755b]" started-at="2022-10-05T19:10:18 IST" name="postCondition" finished-at="2022-10-05T19:10:19 IST" duration-ms="243" status="PASS">
          <reporter-output>
          </reporter-output>
        </test-method> <!-- postCondition -->
        <test-method is-config="true" signature="preCondition()[pri:0, instance:testcases.VerifyLink@cb0755b]" started-at="2022-10-05T19:10:19 IST" name="preCondition" finished-at="2022-10-05T19:10:19 IST" duration-ms="684" status="PASS">
          <reporter-output>
          </reporter-output>
        </test-method> <!-- preCondition -->
        <test-method signature="runVerifyLogin(java.lang.String)[pri:0, instance:testcases.VerifyLink@cb0755b]" started-at="2022-10-05T19:10:19 IST" name="runVerifyLogin" data-provider="provideData" finished-at="2022-10-05T19:10:25 IST" duration-ms="5171" status="PASS">
          <params>
            <param index="0">
              <value>
                <![CDATA[https://www.amazon.fr/dp/B001NIDF9Q]]>
              </value>
            </param>
          </params>
          <reporter-output>
          </reporter-output>
        </test-method> <!-- runVerifyLogin -->
        <test-method is-config="true" signature="postCondition()[pri:0, instance:testcases.VerifyLink@cb0755b]" started-at="2022-10-05T19:10:25 IST" name="postCondition" finished-at="2022-10-05T19:10:25 IST" duration-ms="204" status="PASS">
          <reporter-output>
          </reporter-output>
        </test-method> <!-- postCondition -->
        <test-method is-config="true" signature="preCondition()[pri:0, instance:testcases.VerifyLink@cb0755b]" started-at="2022-10-05T19:10:25 IST" name="preCondition" finished-at="2022-10-05T19:10:25 IST" duration-ms="693" status="PASS">
          <reporter-output>
          </reporter-output>
        </test-method> <!-- preCondition -->
        <test-method signature="runVerifyLogin(java.lang.String)[pri:0, instance:testcases.VerifyLink@cb0755b]" started-at="2022-10-05T19:10:25 IST" name="runVerifyLogin" data-provider="provideData" finished-at="2022-10-05T19:10:31 IST" duration-ms="5857" status="PASS">
          <params>
            <param index="0">
              <value>
                <![CDATA[https://www.amazon.fr/dp/B004HL3QNG]]>
              </value>
            </param>
          </params>
          <reporter-output>
          </reporter-output>
        </test-method> <!-- runVerifyLogin -->
        <test-method is-config="true" signature="postCondition()[pri:0, instance:testcases.VerifyLink@cb0755b]" started-at="2022-10-05T19:10:31 IST" name="postCondition" finished-at="2022-10-05T19:10:31 IST" duration-ms="217" status="PASS">
          <reporter-output>
          </reporter-output>
        </test-method> <!-- postCondition -->
        <test-method is-config="true" signature="preCondition()[pri:0, instance:testcases.VerifyLink@cb0755b]" started-at="2022-10-05T19:10:31 IST" name="preCondition" finished-at="2022-10-05T19:10:32 IST" duration-ms="691" status="PASS">
          <reporter-output>
          </reporter-output>
        </test-method> <!-- preCondition -->
        <test-method signature="runVerifyLogin(java.lang.String)[pri:0, instance:testcases.VerifyLink@cb0755b]" started-at="2022-10-05T19:10:32 IST" name="runVerifyLogin" data-provider="provideData" finished-at="2022-10-05T19:10:37 IST" duration-ms="5191" status="PASS">
          <params>
            <param index="0">
              <value>
                <![CDATA[https://www.amazon.fr/dp/B08H59FWPG]]>
              </value>
            </param>
          </params>
          <reporter-output>
          </reporter-output>
        </test-method> <!-- runVerifyLogin -->
        <test-method is-config="true" signature="postCondition()[pri:0, instance:testcases.VerifyLink@cb0755b]" started-at="2022-10-05T19:10:37 IST" name="postCondition" finished-at="2022-10-05T19:10:38 IST" duration-ms="222" status="PASS">
          <reporter-output>
          </reporter-output>
        </test-method> <!-- postCondition -->
        <test-method is-config="true" signature="preCondition()[pri:0, instance:testcases.VerifyLink@cb0755b]" started-at="2022-10-05T19:10:38 IST" name="preCondition" finished-at="2022-10-05T19:10:38 IST" duration-ms="647" status="PASS">
          <reporter-output>
          </reporter-output>
        </test-method> <!-- preCondition -->
        <test-method signature="runVerifyLogin(java.lang.String)[pri:0, instance:testcases.VerifyLink@cb0755b]" started-at="2022-10-05T19:10:38 IST" name="runVerifyLogin" data-provider="provideData" finished-at="2022-10-05T19:10:44 IST" duration-ms="5541" status="PASS">
          <params>
            <param index="0">
              <value>
                <![CDATA[https://www.amazon.fr/dp/B0000223PX]]>
              </value>
            </param>
          </params>
          <reporter-output>
          </reporter-output>
        </test-method> <!-- runVerifyLogin -->
        <test-method is-config="true" signature="postCondition()[pri:0, instance:testcases.VerifyLink@cb0755b]" started-at="2022-10-05T19:10:44 IST" name="postCondition" finished-at="2022-10-05T19:10:44 IST" duration-ms="256" status="PASS">
          <reporter-output>
          </reporter-output>
        </test-method> <!-- postCondition -->
        <test-method is-config="true" signature="preCondition()[pri:0, instance:testcases.VerifyLink@cb0755b]" started-at="2022-10-05T19:10:44 IST" name="preCondition" finished-at="2022-10-05T19:10:45 IST" duration-ms="670" status="PASS">
          <reporter-output>
          </reporter-output>
        </test-method> <!-- preCondition -->
        <test-method signature="runVerifyLogin(java.lang.String)[pri:0, instance:testcases.VerifyLink@cb0755b]" started-at="2022-10-05T19:10:45 IST" name="runVerifyLogin" data-provider="provideData" finished-at="2022-10-05T19:10:57 IST" duration-ms="11890" status="PASS">
          <params>
            <param index="0">
              <value>
                <![CDATA[https://www.amazon.fr/dp/B0131KMXGO]]>
              </value>
            </param>
          </params>
          <reporter-output>
          </reporter-output>
        </test-method> <!-- runVerifyLogin -->
        <test-method is-config="true" signature="postCondition()[pri:0, instance:testcases.VerifyLink@cb0755b]" started-at="2022-10-05T19:10:57 IST" name="postCondition" finished-at="2022-10-05T19:10:57 IST" duration-ms="226" status="PASS">
          <reporter-output>
          </reporter-output>
        </test-method> <!-- postCondition -->
        <test-method is-config="true" signature="preCondition()[pri:0, instance:testcases.VerifyLink@cb0755b]" started-at="2022-10-05T19:10:57 IST" name="preCondition" finished-at="2022-10-05T19:10:58 IST" duration-ms="675" status="PASS">
          <reporter-output>
          </reporter-output>
        </test-method> <!-- preCondition -->
        <test-method signature="runVerifyLogin(java.lang.String)[pri:0, instance:testcases.VerifyLink@cb0755b]" started-at="2022-10-05T19:10:58 IST" name="runVerifyLogin" data-provider="provideData" finished-at="2022-10-05T19:11:03 IST" duration-ms="5322" status="PASS">
          <params>
            <param index="0">
              <value>
                <![CDATA[https://www.amazon.fr/dp/B00B1C1QEA]]>
              </value>
            </param>
          </params>
          <reporter-output>
          </reporter-output>
        </test-method> <!-- runVerifyLogin -->
        <test-method is-config="true" signature="postCondition()[pri:0, instance:testcases.VerifyLink@cb0755b]" started-at="2022-10-05T19:11:03 IST" name="postCondition" finished-at="2022-10-05T19:11:03 IST" duration-ms="227" status="PASS">
          <reporter-output>
          </reporter-output>
        </test-method> <!-- postCondition -->
        <test-method is-config="true" signature="preCondition()[pri:0, instance:testcases.VerifyLink@cb0755b]" started-at="2022-10-05T19:11:03 IST" name="preCondition" finished-at="2022-10-05T19:11:04 IST" duration-ms="653" status="PASS">
          <reporter-output>
          </reporter-output>
        </test-method> <!-- preCondition -->
        <test-method signature="runVerifyLogin(java.lang.String)[pri:0, instance:testcases.VerifyLink@cb0755b]" started-at="2022-10-05T19:11:04 IST" name="runVerifyLogin" data-provider="provideData" finished-at="2022-10-05T19:11:09 IST" duration-ms="5303" status="PASS">
          <params>
            <param index="0">
              <value>
                <![CDATA[https://www.amazon.fr/dp/B001W7AVCW]]>
              </value>
            </param>
          </params>
          <reporter-output>
          </reporter-output>
        </test-method> <!-- runVerifyLogin -->
        <test-method is-config="true" signature="postCondition()[pri:0, instance:testcases.VerifyLink@cb0755b]" started-at="2022-10-05T19:11:09 IST" name="postCondition" finished-at="2022-10-05T19:11:09 IST" duration-ms="249" status="PASS">
          <reporter-output>
          </reporter-output>
        </test-method> <!-- postCondition -->
        <test-method is-config="true" signature="preCondition()[pri:0, instance:testcases.VerifyLink@cb0755b]" started-at="2022-10-05T19:11:09 IST" name="preCondition" finished-at="2022-10-05T19:11:10 IST" duration-ms="680" status="PASS">
          <reporter-output>
          </reporter-output>
        </test-method> <!-- preCondition -->
        <test-method signature="runVerifyLogin(java.lang.String)[pri:0, instance:testcases.VerifyLink@cb0755b]" started-at="2022-10-05T19:11:10 IST" name="runVerifyLogin" data-provider="provideData" finished-at="2022-10-05T19:11:16 IST" duration-ms="6323" status="PASS">
          <params>
            <param index="0">
              <value>
                <![CDATA[https://www.amazon.fr/dp/B004ZFC3E2]]>
              </value>
            </param>
          </params>
          <reporter-output>
          </reporter-output>
        </test-method> <!-- runVerifyLogin -->
        <test-method is-config="true" signature="postCondition()[pri:0, instance:testcases.VerifyLink@cb0755b]" started-at="2022-10-05T19:11:16 IST" name="postCondition" finished-at="2022-10-05T19:11:16 IST" duration-ms="215" status="PASS">
          <reporter-output>
          </reporter-output>
        </test-method> <!-- postCondition -->
        <test-method is-config="true" signature="preCondition()[pri:0, instance:testcases.VerifyLink@cb0755b]" started-at="2022-10-05T19:11:16 IST" name="preCondition" finished-at="2022-10-05T19:11:17 IST" duration-ms="636" status="PASS">
          <reporter-output>
          </reporter-output>
        </test-method> <!-- preCondition -->
        <test-method signature="runVerifyLogin(java.lang.String)[pri:0, instance:testcases.VerifyLink@cb0755b]" started-at="2022-10-05T19:11:17 IST" name="runVerifyLogin" data-provider="provideData" finished-at="2022-10-05T19:11:23 IST" duration-ms="6097" status="PASS">
          <params>
            <param index="0">
              <value>
                <![CDATA[https://www.amazon.fr/dp/B004HL3QNG]]>
              </value>
            </param>
          </params>
          <reporter-output>
          </reporter-output>
        </test-method> <!-- runVerifyLogin -->
        <test-method is-config="true" signature="postCondition()[pri:0, instance:testcases.VerifyLink@cb0755b]" started-at="2022-10-05T19:11:23 IST" name="postCondition" finished-at="2022-10-05T19:11:23 IST" duration-ms="212" status="PASS">
          <reporter-output>
          </reporter-output>
        </test-method> <!-- postCondition -->
        <test-method is-config="true" signature="preCondition()[pri:0, instance:testcases.VerifyLink@cb0755b]" started-at="2022-10-05T19:11:23 IST" name="preCondition" finished-at="2022-10-05T19:11:24 IST" duration-ms="665" status="PASS">
          <reporter-output>
          </reporter-output>
        </test-method> <!-- preCondition -->
        <test-method signature="runVerifyLogin(java.lang.String)[pri:0, instance:testcases.VerifyLink@cb0755b]" started-at="2022-10-05T19:11:24 IST" name="runVerifyLogin" data-provider="provideData" finished-at="2022-10-05T19:11:30 IST" duration-ms="5426" status="PASS">
          <params>
            <param index="0">
              <value>
                <![CDATA[https://www.amazon.fr/dp/B08H59FWPG]]>
              </value>
            </param>
          </params>
          <reporter-output>
          </reporter-output>
        </test-method> <!-- runVerifyLogin -->
        <test-method is-config="true" signature="postCondition()[pri:0, instance:testcases.VerifyLink@cb0755b]" started-at="2022-10-05T19:11:30 IST" name="postCondition" finished-at="2022-10-05T19:11:30 IST" duration-ms="237" status="PASS">
          <reporter-output>
          </reporter-output>
        </test-method> <!-- postCondition -->
        <test-method is-config="true" signature="preCondition()[pri:0, instance:testcases.VerifyLink@cb0755b]" started-at="2022-10-05T19:11:30 IST" name="preCondition" finished-at="2022-10-05T19:11:30 IST" duration-ms="658" status="PASS">
          <reporter-output>
          </reporter-output>
        </test-method> <!-- preCondition -->
        <test-method signature="runVerifyLogin(java.lang.String)[pri:0, instance:testcases.VerifyLink@cb0755b]" started-at="2022-10-05T19:11:30 IST" name="runVerifyLogin" data-provider="provideData" finished-at="2022-10-05T19:11:36 IST" duration-ms="5706" status="PASS">
          <params>
            <param index="0">
              <value>
                <![CDATA[https://www.amazon.fr/dp/B0000223PX]]>
              </value>
            </param>
          </params>
          <reporter-output>
          </reporter-output>
        </test-method> <!-- runVerifyLogin -->
        <test-method is-config="true" signature="postCondition()[pri:0, instance:testcases.VerifyLink@cb0755b]" started-at="2022-10-05T19:11:36 IST" name="postCondition" finished-at="2022-10-05T19:11:36 IST" duration-ms="283" status="PASS">
          <reporter-output>
          </reporter-output>
        </test-method> <!-- postCondition -->
        <test-method is-config="true" signature="preCondition()[pri:0, instance:testcases.VerifyLink@cb0755b]" started-at="2022-10-05T19:11:36 IST" name="preCondition" finished-at="2022-10-05T19:11:37 IST" duration-ms="656" status="PASS">
          <reporter-output>
          </reporter-output>
        </test-method> <!-- preCondition -->
        <test-method signature="runVerifyLogin(java.lang.String)[pri:0, instance:testcases.VerifyLink@cb0755b]" started-at="2022-10-05T19:11:37 IST" name="runVerifyLogin" data-provider="provideData" finished-at="2022-10-05T19:11:48 IST" duration-ms="10687" status="PASS">
          <params>
            <param index="0">
              <value>
                <![CDATA[https://www.amazon.fr/dp/B0131KMXGO]]>
              </value>
            </param>
          </params>
          <reporter-output>
          </reporter-output>
        </test-method> <!-- runVerifyLogin -->
        <test-method is-config="true" signature="postCondition()[pri:0, instance:testcases.VerifyLink@cb0755b]" started-at="2022-10-05T19:11:48 IST" name="postCondition" finished-at="2022-10-05T19:11:48 IST" duration-ms="224" status="PASS">
          <reporter-output>
          </reporter-output>
        </test-method> <!-- postCondition -->
      </class> <!-- testcases.VerifyLink -->
    </test> <!-- Default test -->
  </suite> <!-- Default suite -->
</testng-results>
