<?xml version="1.0" encoding="UTF-8"?>
<!-- Generated by org.testng.reporters.JUnitXMLReporter -->
<testsuite ignored="0" hostname="LAPTOP-F3QJ1584" failures="0" tests="250" name="Default test" time="1961.481" errors="0" timestamp="2022-10-05T19:11:48 IST">
  <testcase classname="testcases.VerifyLink" name="runVerifyLogin" time="5.857"/>
  <testcase classname="testcases.VerifyLink" name="runVerifyLogin" time="7.111"/>
  <testcase classname="testcases.VerifyLink" name="runVerifyLogin" time="6.805"/>
  <testcase classname="testcases.VerifyLink" name="runVerifyLogin" time="10.431"/>
  <testcase classname="testcases.VerifyLink" name="runVerifyLogin" time="6.255"/>
  <testcase classname="testcases.VerifyLink" name="runVerifyLogin" time="6.725"/>
  <testcase classname="testcases.VerifyLink" name="runVerifyLogin" time="6.159"/>
  <testcase classname="testcases.VerifyLink" name="runVerifyLogin" time="11.009"/>
  <testcase classname="testcases.VerifyLink" name="runVerifyLogin" time="5.719"/>
  <testcase classname="testcases.VerifyLink" name="runVerifyLogin" time="5.542"/>
  <testcase classname="testcases.VerifyLink" name="runVerifyLogin" time="6.344"/>
  <testcase classname="testcases.VerifyLink" name="runVerifyLogin" time="10.786"/>
  <testcase classname="testcases.VerifyLink" name="runVerifyLogin" time="10.387"/>
  <testcase classname="testcases.VerifyLink" name="runVerifyLogin" time="9.833"/>
  <testcase classname="testcases.VerifyLink" name="runVerifyLogin" time="6.916"/>
  <testcase classname="testcases.VerifyLink" name="runVerifyLogin" time="5.905"/>
  <testcase classname="testcases.VerifyLink" name="runVerifyLogin" time="15.977"/>
  <testcase classname="testcases.VerifyLink" name="runVerifyLogin" time="7.353"/>
  <testcase classname="testcases.VerifyLink" name="runVerifyLogin" time="6.514"/>
  <testcase classname="testcases.VerifyLink" name="runVerifyLogin" time="5.656"/>
  <testcase classname="testcases.VerifyLink" name="runVerifyLogin" time="5.342"/>
  <testcase classname="testcases.VerifyLink" name="runVerifyLogin" time="5.64"/>
  <testcase classname="testcases.VerifyLink" name="runVerifyLogin" time="5.653"/>
  <testcase classname="testcases.VerifyLink" name="runVerifyLogin" time="14.406"/>
  <testcase classname="testcases.VerifyLink" name="runVerifyLogin" time="5.642"/>
  <testcase classname="testcases.VerifyLink" name="runVerifyLogin" time="5.521"/>
  <testcase classname="testcases.VerifyLink" name="runVerifyLogin" time="7.967"/>
  <testcase classname="testcases.VerifyLink" name="runVerifyLogin" time="8.238"/>
  <testcase classname="testcases.VerifyLink" name="runVerifyLogin" time="5.711"/>
  <testcase classname="testcases.VerifyLink" name="runVerifyLogin" time="6.489"/>
  <testcase classname="testcases.VerifyLink" name="runVerifyLogin" time="6.395"/>
  <testcase classname="testcases.VerifyLink" name="runVerifyLogin" time="8.09"/>
  <testcase classname="testcases.VerifyLink" name="runVerifyLogin" time="6.412"/>
  <testcase classname="testcases.VerifyLink" name="runVerifyLogin" time="9.388"/>
  <testcase classname="testcases.VerifyLink" name="runVerifyLogin" time="5.928"/>
  <testcase classname="testcases.VerifyLink" name="runVerifyLogin" time="7.714"/>
  <testcase classname="testcases.VerifyLink" name="runVerifyLogin" time="9.678"/>
  <testcase classname="testcases.VerifyLink" name="runVerifyLogin" time="7.254"/>
  <testcase classname="testcases.VerifyLink" name="runVerifyLogin" time="6.293"/>
  <testcase classname="testcases.VerifyLink" name="runVerifyLogin" time="7.832"/>
  <testcase classname="testcases.VerifyLink" name="runVerifyLogin" time="4.857"/>
  <testcase classname="testcases.VerifyLink" name="runVerifyLogin" time="4.941"/>
  <testcase classname="testcases.VerifyLink" name="runVerifyLogin" time="5.105"/>
  <testcase classname="testcases.VerifyLink" name="runVerifyLogin" time="5.266"/>
  <testcase classname="testcases.VerifyLink" name="runVerifyLogin" time="4.734"/>
  <testcase classname="testcases.VerifyLink" name="runVerifyLogin" time="4.636"/>
  <testcase classname="testcases.VerifyLink" name="runVerifyLogin" time="6.779"/>
  <testcase classname="testcases.VerifyLink" name="runVerifyLogin" time="5.403"/>
  <testcase classname="testcases.VerifyLink" name="runVerifyLogin" time="5.108"/>
  <testcase classname="testcases.VerifyLink" name="runVerifyLogin" time="4.893"/>
  <testcase classname="testcases.VerifyLink" name="runVerifyLogin" time="5.709"/>
  <testcase classname="testcases.VerifyLink" name="runVerifyLogin" time="5.501"/>
  <testcase classname="testcases.VerifyLink" name="runVerifyLogin" time="5.052"/>
  <testcase classname="testcases.VerifyLink" name="runVerifyLogin" time="5.231"/>
  <testcase classname="testcases.VerifyLink" name="runVerifyLogin" time="7.139"/>
  <testcase classname="testcases.VerifyLink" name="runVerifyLogin" time="6.418"/>
  <testcase classname="testcases.VerifyLink" name="runVerifyLogin" time="5.873"/>
  <testcase classname="testcases.VerifyLink" name="runVerifyLogin" time="5.06"/>
  <testcase classname="testcases.VerifyLink" name="runVerifyLogin" time="5.38"/>
  <testcase classname="testcases.VerifyLink" name="runVerifyLogin" time="4.983"/>
  <testcase classname="testcases.VerifyLink" name="runVerifyLogin" time="5.095"/>
  <testcase classname="testcases.VerifyLink" name="runVerifyLogin" time="4.742"/>
  <testcase classname="testcases.VerifyLink" name="runVerifyLogin" time="5.163"/>
  <testcase classname="testcases.VerifyLink" name="runVerifyLogin" time="5.301"/>
  <testcase classname="testcases.VerifyLink" name="runVerifyLogin" time="5.462"/>
  <testcase classname="testcases.VerifyLink" name="runVerifyLogin" time="4.8"/>
  <testcase classname="testcases.VerifyLink" name="runVerifyLogin" time="6.838"/>
  <testcase classname="testcases.VerifyLink" name="runVerifyLogin" time="5.011"/>
  <testcase classname="testcases.VerifyLink" name="runVerifyLogin" time="6.943"/>
  <testcase classname="testcases.VerifyLink" name="runVerifyLogin" time="7.66"/>
  <testcase classname="testcases.VerifyLink" name="runVerifyLogin" time="5.771"/>
  <testcase classname="testcases.VerifyLink" name="runVerifyLogin" time="8.639"/>
  <testcase classname="testcases.VerifyLink" name="runVerifyLogin" time="13.059"/>
  <testcase classname="testcases.VerifyLink" name="runVerifyLogin" time="5.877"/>
  <testcase classname="testcases.VerifyLink" name="runVerifyLogin" time="5.211"/>
  <testcase classname="testcases.VerifyLink" name="runVerifyLogin" time="5.594"/>
  <testcase classname="testcases.VerifyLink" name="runVerifyLogin" time="4.699"/>
  <testcase classname="testcases.VerifyLink" name="runVerifyLogin" time="5.998"/>
  <testcase classname="testcases.VerifyLink" name="runVerifyLogin" time="5.779"/>
  <testcase classname="testcases.VerifyLink" name="runVerifyLogin" time="6.456"/>
  <testcase classname="testcases.VerifyLink" name="runVerifyLogin" time="5.62"/>
  <testcase classname="testcases.VerifyLink" name="runVerifyLogin" time="5.321"/>
  <testcase classname="testcases.VerifyLink" name="runVerifyLogin" time="5.295"/>
  <testcase classname="testcases.VerifyLink" name="runVerifyLogin" time="6.253"/>
  <testcase classname="testcases.VerifyLink" name="runVerifyLogin" time="5.51"/>
  <testcase classname="testcases.VerifyLink" name="runVerifyLogin" time="4.657"/>
  <testcase classname="testcases.VerifyLink" name="runVerifyLogin" time="4.775"/>
  <testcase classname="testcases.VerifyLink" name="runVerifyLogin" time="9.76"/>
  <testcase classname="testcases.VerifyLink" name="runVerifyLogin" time="5.587"/>
  <testcase classname="testcases.VerifyLink" name="runVerifyLogin" time="8.06"/>
  <testcase classname="testcases.VerifyLink" name="runVerifyLogin" time="6.803"/>
  <testcase classname="testcases.VerifyLink" name="runVerifyLogin" time="9.127"/>
  <testcase classname="testcases.VerifyLink" name="runVerifyLogin" time="5.044"/>
  <testcase classname="testcases.VerifyLink" name="runVerifyLogin" time="4.967"/>
  <testcase classname="testcases.VerifyLink" name="runVerifyLogin" time="4.968"/>
  <testcase classname="testcases.VerifyLink" name="runVerifyLogin" time="5.432"/>
  <testcase classname="testcases.VerifyLink" name="runVerifyLogin" time="5.498"/>
  <testcase classname="testcases.VerifyLink" name="runVerifyLogin" time="4.799"/>
  <testcase classname="testcases.VerifyLink" name="runVerifyLogin" time="4.939"/>
  <testcase classname="testcases.VerifyLink" name="runVerifyLogin" time="10.105"/>
  <testcase classname="testcases.VerifyLink" name="runVerifyLogin" time="5.408"/>
  <testcase classname="testcases.VerifyLink" name="runVerifyLogin" time="5.059"/>
  <testcase classname="testcases.VerifyLink" name="runVerifyLogin" time="4.459"/>
  <testcase classname="testcases.VerifyLink" name="runVerifyLogin" time="4.565"/>
  <testcase classname="testcases.VerifyLink" name="runVerifyLogin" time="4.714"/>
  <testcase classname="testcases.VerifyLink" name="runVerifyLogin" time="4.726"/>
  <testcase classname="testcases.VerifyLink" name="runVerifyLogin" time="4.672"/>
  <testcase classname="testcases.VerifyLink" name="runVerifyLogin" time="6.896"/>
  <testcase classname="testcases.VerifyLink" name="runVerifyLogin" time="5.46"/>
  <testcase classname="testcases.VerifyLink" name="runVerifyLogin" time="6.413"/>
  <testcase classname="testcases.VerifyLink" name="runVerifyLogin" time="5.41"/>
  <testcase classname="testcases.VerifyLink" name="runVerifyLogin" time="5.276"/>
  <testcase classname="testcases.VerifyLink" name="runVerifyLogin" time="4.315"/>
  <testcase classname="testcases.VerifyLink" name="runVerifyLogin" time="4.587"/>
  <testcase classname="testcases.VerifyLink" name="runVerifyLogin" time="5.64"/>
  <testcase classname="testcases.VerifyLink" name="runVerifyLogin" time="4.803"/>
  <testcase classname="testcases.VerifyLink" name="runVerifyLogin" time="9.81"/>
  <testcase classname="testcases.VerifyLink" name="runVerifyLogin" time="6.274"/>
  <testcase classname="testcases.VerifyLink" name="runVerifyLogin" time="7.935"/>
  <testcase classname="testcases.VerifyLink" name="runVerifyLogin" time="5.825"/>
  <testcase classname="testcases.VerifyLink" name="runVerifyLogin" time="7.556"/>
  <testcase classname="testcases.VerifyLink" name="runVerifyLogin" time="11.867"/>
  <testcase classname="testcases.VerifyLink" name="runVerifyLogin" time="4.762"/>
  <testcase classname="testcases.VerifyLink" name="runVerifyLogin" time="7.257"/>
  <testcase classname="testcases.VerifyLink" name="runVerifyLogin" time="10.776"/>
  <testcase classname="testcases.VerifyLink" name="runVerifyLogin" time="6.201"/>
  <testcase classname="testcases.VerifyLink" name="runVerifyLogin" time="7.613"/>
  <testcase classname="testcases.VerifyLink" name="runVerifyLogin" time="12.833"/>
  <testcase classname="testcases.VerifyLink" name="runVerifyLogin" time="6.91"/>
  <testcase classname="testcases.VerifyLink" name="runVerifyLogin" time="12.925"/>
  <testcase classname="testcases.VerifyLink" name="runVerifyLogin" time="6.358"/>
  <testcase classname="testcases.VerifyLink" name="runVerifyLogin" time="8.722"/>
  <testcase classname="testcases.VerifyLink" name="runVerifyLogin" time="5.204"/>
  <testcase classname="testcases.VerifyLink" name="runVerifyLogin" time="10.445"/>
  <testcase classname="testcases.VerifyLink" name="runVerifyLogin" time="9.596"/>
  <testcase classname="testcases.VerifyLink" name="runVerifyLogin" time="8.215"/>
  <testcase classname="testcases.VerifyLink" name="runVerifyLogin" time="4.513"/>
  <testcase classname="testcases.VerifyLink" name="runVerifyLogin" time="4.168"/>
  <testcase classname="testcases.VerifyLink" name="runVerifyLogin" time="4.42"/>
  <testcase classname="testcases.VerifyLink" name="runVerifyLogin" time="6.987"/>
  <testcase classname="testcases.VerifyLink" name="runVerifyLogin" time="5.136"/>
  <testcase classname="testcases.VerifyLink" name="runVerifyLogin" time="4.7"/>
  <testcase classname="testcases.VerifyLink" name="runVerifyLogin" time="4.429"/>
  <testcase classname="testcases.VerifyLink" name="runVerifyLogin" time="11.737"/>
  <testcase classname="testcases.VerifyLink" name="runVerifyLogin" time="5.328"/>
  <testcase classname="testcases.VerifyLink" name="runVerifyLogin" time="9.999"/>
  <testcase classname="testcases.VerifyLink" name="runVerifyLogin" time="6.119"/>
  <testcase classname="testcases.VerifyLink" name="runVerifyLogin" time="7.442"/>
  <testcase classname="testcases.VerifyLink" name="runVerifyLogin" time="4.84"/>
  <testcase classname="testcases.VerifyLink" name="runVerifyLogin" time="5.087"/>
  <testcase classname="testcases.VerifyLink" name="runVerifyLogin" time="5.145"/>
  <testcase classname="testcases.VerifyLink" name="runVerifyLogin" time="5.456"/>
  <testcase classname="testcases.VerifyLink" name="runVerifyLogin" time="6.408"/>
  <testcase classname="testcases.VerifyLink" name="runVerifyLogin" time="4.945"/>
  <testcase classname="testcases.VerifyLink" name="runVerifyLogin" time="6.17"/>
  <testcase classname="testcases.VerifyLink" name="runVerifyLogin" time="5.13"/>
  <testcase classname="testcases.VerifyLink" name="runVerifyLogin" time="5.466"/>
  <testcase classname="testcases.VerifyLink" name="runVerifyLogin" time="5.24"/>
  <testcase classname="testcases.VerifyLink" name="runVerifyLogin" time="4.851"/>
  <testcase classname="testcases.VerifyLink" name="runVerifyLogin" time="4.613"/>
  <testcase classname="testcases.VerifyLink" name="runVerifyLogin" time="4.88"/>
  <testcase classname="testcases.VerifyLink" name="runVerifyLogin" time="4.463"/>
  <testcase classname="testcases.VerifyLink" name="runVerifyLogin" time="8.142"/>
  <testcase classname="testcases.VerifyLink" name="runVerifyLogin" time="7.407"/>
  <testcase classname="testcases.VerifyLink" name="runVerifyLogin" time="9.009"/>
  <testcase classname="testcases.VerifyLink" name="runVerifyLogin" time="10.094"/>
  <testcase classname="testcases.VerifyLink" name="runVerifyLogin" time="5.717"/>
  <testcase classname="testcases.VerifyLink" name="runVerifyLogin" time="7.342"/>
  <testcase classname="testcases.VerifyLink" name="runVerifyLogin" time="7.561"/>
  <testcase classname="testcases.VerifyLink" name="runVerifyLogin" time="5.164"/>
  <testcase classname="testcases.VerifyLink" name="runVerifyLogin" time="9.092"/>
  <testcase classname="testcases.VerifyLink" name="runVerifyLogin" time="7.024"/>
  <testcase classname="testcases.VerifyLink" name="runVerifyLogin" time="8.493"/>
  <testcase classname="testcases.VerifyLink" name="runVerifyLogin" time="5.223"/>
  <testcase classname="testcases.VerifyLink" name="runVerifyLogin" time="8.131"/>
  <testcase classname="testcases.VerifyLink" name="runVerifyLogin" time="10.385"/>
  <testcase classname="testcases.VerifyLink" name="runVerifyLogin" time="6.133"/>
  <testcase classname="testcases.VerifyLink" name="runVerifyLogin" time="6.702"/>
  <testcase classname="testcases.VerifyLink" name="runVerifyLogin" time="5.328"/>
  <testcase classname="testcases.VerifyLink" name="runVerifyLogin" time="5.224"/>
  <testcase classname="testcases.VerifyLink" name="runVerifyLogin" time="5.244"/>
  <testcase classname="testcases.VerifyLink" name="runVerifyLogin" time="4.773"/>
  <testcase classname="testcases.VerifyLink" name="runVerifyLogin" time="5.502"/>
  <testcase classname="testcases.VerifyLink" name="runVerifyLogin" time="5.542"/>
  <testcase classname="testcases.VerifyLink" name="runVerifyLogin" time="4.324"/>
  <testcase classname="testcases.VerifyLink" name="runVerifyLogin" time="4.348"/>
  <testcase classname="testcases.VerifyLink" name="runVerifyLogin" time="129.637"/>
  <testcase classname="testcases.VerifyLink" name="runVerifyLogin" time="5.095"/>
  <testcase classname="testcases.VerifyLink" name="runVerifyLogin" time="5.067"/>
  <testcase classname="testcases.VerifyLink" name="runVerifyLogin" time="5.0"/>
  <testcase classname="testcases.VerifyLink" name="runVerifyLogin" time="4.866"/>
  <testcase classname="testcases.VerifyLink" name="runVerifyLogin" time="5.027"/>
  <testcase classname="testcases.VerifyLink" name="runVerifyLogin" time="5.865"/>
  <testcase classname="testcases.VerifyLink" name="runVerifyLogin" time="5.139"/>
  <testcase classname="testcases.VerifyLink" name="runVerifyLogin" time="5.757"/>
  <testcase classname="testcases.VerifyLink" name="runVerifyLogin" time="5.532"/>
  <testcase classname="testcases.VerifyLink" name="runVerifyLogin" time="5.66"/>
  <testcase classname="testcases.VerifyLink" name="runVerifyLogin" time="5.453"/>
  <testcase classname="testcases.VerifyLink" name="runVerifyLogin" time="5.329"/>
  <testcase classname="testcases.VerifyLink" name="runVerifyLogin" time="5.689"/>
  <testcase classname="testcases.VerifyLink" name="runVerifyLogin" time="5.451"/>
  <testcase classname="testcases.VerifyLink" name="runVerifyLogin" time="5.883"/>
  <testcase classname="testcases.VerifyLink" name="runVerifyLogin" time="5.771"/>
  <testcase classname="testcases.VerifyLink" name="runVerifyLogin" time="6.185"/>
  <testcase classname="testcases.VerifyLink" name="runVerifyLogin" time="5.727"/>
  <testcase classname="testcases.VerifyLink" name="runVerifyLogin" time="5.183"/>
  <testcase classname="testcases.VerifyLink" name="runVerifyLogin" time="5.599"/>
  <testcase classname="testcases.VerifyLink" name="runVerifyLogin" time="5.822"/>
  <testcase classname="testcases.VerifyLink" name="runVerifyLogin" time="5.814"/>
  <testcase classname="testcases.VerifyLink" name="runVerifyLogin" time="5.843"/>
  <testcase classname="testcases.VerifyLink" name="runVerifyLogin" time="8.505"/>
  <testcase classname="testcases.VerifyLink" name="runVerifyLogin" time="4.881"/>
  <testcase classname="testcases.VerifyLink" name="runVerifyLogin" time="9.799"/>
  <testcase classname="testcases.VerifyLink" name="runVerifyLogin" time="5.299"/>
  <testcase classname="testcases.VerifyLink" name="runVerifyLogin" time="4.906"/>
  <testcase classname="testcases.VerifyLink" name="runVerifyLogin" time="4.872"/>
  <testcase classname="testcases.VerifyLink" name="runVerifyLogin" time="5.064"/>
  <testcase classname="testcases.VerifyLink" name="runVerifyLogin" time="5.083"/>
  <testcase classname="testcases.VerifyLink" name="runVerifyLogin" time="6.95"/>
  <testcase classname="testcases.VerifyLink" name="runVerifyLogin" time="4.704"/>
  <testcase classname="testcases.VerifyLink" name="runVerifyLogin" time="5.336"/>
  <testcase classname="testcases.VerifyLink" name="runVerifyLogin" time="4.79"/>
  <testcase classname="testcases.VerifyLink" name="runVerifyLogin" time="5.475"/>
  <testcase classname="testcases.VerifyLink" name="runVerifyLogin" time="5.393"/>
  <testcase classname="testcases.VerifyLink" name="runVerifyLogin" time="5.692"/>
  <testcase classname="testcases.VerifyLink" name="runVerifyLogin" time="4.818"/>
  <testcase classname="testcases.VerifyLink" name="runVerifyLogin" time="6.33"/>
  <testcase classname="testcases.VerifyLink" name="runVerifyLogin" time="5.553"/>
  <testcase classname="testcases.VerifyLink" name="runVerifyLogin" time="5.265"/>
  <testcase classname="testcases.VerifyLink" name="runVerifyLogin" time="7.762"/>
  <testcase classname="testcases.VerifyLink" name="runVerifyLogin" time="6.609"/>
  <testcase classname="testcases.VerifyLink" name="runVerifyLogin" time="4.567"/>
  <testcase classname="testcases.VerifyLink" name="runVerifyLogin" time="5.033"/>
  <testcase classname="testcases.VerifyLink" name="runVerifyLogin" time="4.952"/>
  <testcase classname="testcases.VerifyLink" name="runVerifyLogin" time="5.311"/>
  <testcase classname="testcases.VerifyLink" name="runVerifyLogin" time="5.29"/>
  <testcase classname="testcases.VerifyLink" name="runVerifyLogin" time="4.886"/>
  <testcase classname="testcases.VerifyLink" name="runVerifyLogin" time="9.996"/>
  <testcase classname="testcases.VerifyLink" name="runVerifyLogin" time="5.171"/>
  <testcase classname="testcases.VerifyLink" name="runVerifyLogin" time="5.857"/>
  <testcase classname="testcases.VerifyLink" name="runVerifyLogin" time="5.191"/>
  <testcase classname="testcases.VerifyLink" name="runVerifyLogin" time="5.541"/>
  <testcase classname="testcases.VerifyLink" name="runVerifyLogin" time="11.89"/>
  <testcase classname="testcases.VerifyLink" name="runVerifyLogin" time="5.322"/>
  <testcase classname="testcases.VerifyLink" name="runVerifyLogin" time="5.303"/>
  <testcase classname="testcases.VerifyLink" name="runVerifyLogin" time="6.323"/>
  <testcase classname="testcases.VerifyLink" name="runVerifyLogin" time="6.097"/>
  <testcase classname="testcases.VerifyLink" name="runVerifyLogin" time="5.426"/>
  <testcase classname="testcases.VerifyLink" name="runVerifyLogin" time="5.706"/>
  <testcase classname="testcases.VerifyLink" name="runVerifyLogin" time="10.687"/>
</testsuite> <!-- Default test -->
