<?xml version="1.0" encoding="UTF-8"?>
<!-- Generated by org.testng.reporters.JUnitXMLReporter -->
<testsuite ignored="0" hostname="LAPTOP-F3QJ1584" failures="0" tests="4" name="Test" time="26.198" errors="0" timestamp="2022-03-23T16:20:12 IST">
  <testcase classname="testcases.VerifyLogin" name="runVerifyLogin" time="0.868"/>
  <testcase classname="testcases.VerifyLogin" name="runVerifyLogin" time="0.581"/>
  <testcase classname="testcases.CreateLead" name="runCreateLead" time="5.605"/>
  <testcase classname="testcases.CreateLead" name="runCreateLead" time="4.07"/>
</testsuite> <!-- Test -->
