<?xml version="1.0" encoding="UTF-8"?>
<testng-results ignored="0" total="1" passed="1" failed="0" skipped="0">
  <reporter-output>
  </reporter-output>
  <suite started-at="2022-05-16T16:33:28 IST" name="Default suite" finished-at="2022-05-16T16:33:39 IST" duration-ms="11572">
    <groups>
      <group name="cucumber">
        <method signature="AbstractTestNGCucumberTests.runScenario(io.cucumber.testng.PickleWrapper,io.cucumber.testng.FeatureWrapper)[pri:0, instance:runner.CucumberRunner@5f049ea1]" name="runScenario" class="io.cucumber.testng.AbstractTestNGCucumberTests"/>
      </group> <!-- cucumber -->
    </groups>
    <test started-at="2022-05-16T16:33:28 IST" name="Default test" finished-at="2022-05-16T16:33:39 IST" duration-ms="11572">
      <class name="runner.CucumberRunner">
        <test-method is-config="true" signature="setUpClass()[pri:0, instance:runner.CucumberRunner@5f049ea1]" started-at="2022-05-16T16:33:28 IST" name="setUpClass" finished-at="2022-05-16T16:33:29 IST" duration-ms="738" status="PASS">
          <reporter-output>
          </reporter-output>
        </test-method> <!-- setUpClass -->
        <test-method signature="runScenario(io.cucumber.testng.PickleWrapper,io.cucumber.testng.FeatureWrapper)[pri:0, instance:runner.CucumberRunner@5f049ea1]" started-at="2022-05-16T16:33:29 IST" name="runScenario" description="Runs Cucumber Scenarios" data-provider="scenarios" finished-at="2022-05-16T16:33:37 IST" duration-ms="8858" status="PASS">
          <params>
            <param index="0">
              <value>
                <![CDATA["CreateLead with mandatory informations"]]>
              </value>
            </param>
            <param index="1">
              <value>
                <![CDATA["Optional[leaftabs CreateLead functionality]"]]>
              </value>
            </param>
          </params>
          <reporter-output>
          </reporter-output>
        </test-method> <!-- runScenario -->
        <test-method is-config="true" signature="tearDownClass()[pri:0, instance:runner.CucumberRunner@5f049ea1]" started-at="2022-05-16T16:33:38 IST" name="tearDownClass" finished-at="2022-05-16T16:33:39 IST" duration-ms="1906" status="PASS">
          <reporter-output>
          </reporter-output>
        </test-method> <!-- tearDownClass -->
      </class> <!-- runner.CucumberRunner -->
    </test> <!-- Default test -->
  </suite> <!-- Default suite -->
</testng-results>
