<?xml version="1.0" encoding="UTF-8"?>
<testng-results ignored="0" total="2" passed="2" failed="0" skipped="0">
  <reporter-output>
  </reporter-output>
  <suite started-at="2022-05-29T13:18:57 IST" name="Suite" finished-at="2022-05-29T13:19:32 IST" duration-ms="35388">
    <groups>
    </groups>
    <test started-at="2022-05-29T13:18:57 IST" name="Test" finished-at="2022-05-29T13:19:32 IST" duration-ms="35388">
      <class name="testcase.CreateLead">
        <test-method is-config="true" signature="setValue()[pri:0, instance:testcase.CreateLead@cb0755b]" started-at="2022-05-29T13:18:57 IST" name="setValue" finished-at="2022-05-29T13:18:57 IST" duration-ms="13" status="PASS">
          <reporter-output>
          </reporter-output>
        </test-method> <!-- setValue -->
        <test-method is-config="true" signature="preCondition(java.lang.String,java.lang.String,java.lang.String)[pri:0, instance:testcase.CreateLead@cb0755b]" started-at="2022-05-29T13:18:58 IST" name="preCondition" finished-at="2022-05-29T13:19:09 IST" duration-ms="11416" status="PASS">
          <params>
            <param index="0">
              <value>
                <![CDATA[http://leaftaps.com/opentaps/]]>
              </value>
            </param>
            <param index="1">
              <value>
                <![CDATA[DemoSalesManager]]>
              </value>
            </param>
            <param index="2">
              <value>
                <![CDATA[crmsfa]]>
              </value>
            </param>
          </params>
          <reporter-output>
          </reporter-output>
        </test-method> <!-- preCondition -->
        <test-method signature="runCreateLead(java.lang.String,java.lang.String,java.lang.String,java.lang.String)[pri:0, instance:testcase.CreateLead@cb0755b]" started-at="2022-05-29T13:19:09 IST" name="runCreateLead" data-provider="provideData" finished-at="2022-05-29T13:19:17 IST" duration-ms="8091" status="PASS">
          <params>
            <param index="0">
              <value>
                <![CDATA[Qeagle]]>
              </value>
            </param>
            <param index="1">
              <value>
                <![CDATA[Hari]]>
              </value>
            </param>
            <param index="2">
              <value>
                <![CDATA[R]]>
              </value>
            </param>
            <param index="3">
              <value>
                <![CDATA[99]]>
              </value>
            </param>
          </params>
          <reporter-output>
          </reporter-output>
        </test-method> <!-- runCreateLead -->
        <test-method is-config="true" signature="postCondition()[pri:0, instance:testcase.CreateLead@cb0755b]" started-at="2022-05-29T13:19:17 IST" name="postCondition" finished-at="2022-05-29T13:19:17 IST" duration-ms="169" status="PASS">
          <reporter-output>
          </reporter-output>
        </test-method> <!-- postCondition -->
        <test-method is-config="true" signature="preCondition(java.lang.String,java.lang.String,java.lang.String)[pri:0, instance:testcase.CreateLead@cb0755b]" started-at="2022-05-29T13:19:17 IST" name="preCondition" finished-at="2022-05-29T13:19:26 IST" duration-ms="8812" status="PASS">
          <params>
            <param index="0">
              <value>
                <![CDATA[http://leaftaps.com/opentaps/]]>
              </value>
            </param>
            <param index="1">
              <value>
                <![CDATA[DemoSalesManager]]>
              </value>
            </param>
            <param index="2">
              <value>
                <![CDATA[crmsfa]]>
              </value>
            </param>
          </params>
          <reporter-output>
          </reporter-output>
        </test-method> <!-- preCondition -->
        <test-method signature="runCreateLead(java.lang.String,java.lang.String,java.lang.String,java.lang.String)[pri:0, instance:testcase.CreateLead@cb0755b]" started-at="2022-05-29T13:19:26 IST" name="runCreateLead" data-provider="provideData" finished-at="2022-05-29T13:19:32 IST" duration-ms="5709" status="PASS">
          <params>
            <param index="0">
              <value>
                <![CDATA[Testleaf]]>
              </value>
            </param>
            <param index="1">
              <value>
                <![CDATA[Sheriba]]>
              </value>
            </param>
            <param index="2">
              <value>
                <![CDATA[T]]>
              </value>
            </param>
            <param index="3">
              <value>
                <![CDATA[98]]>
              </value>
            </param>
          </params>
          <reporter-output>
          </reporter-output>
        </test-method> <!-- runCreateLead -->
        <test-method is-config="true" signature="postCondition()[pri:0, instance:testcase.CreateLead@cb0755b]" started-at="2022-05-29T13:19:32 IST" name="postCondition" finished-at="2022-05-29T13:19:32 IST" duration-ms="176" status="PASS">
          <reporter-output>
          </reporter-output>
        </test-method> <!-- postCondition -->
      </class> <!-- testcase.CreateLead -->
    </test> <!-- Test -->
  </suite> <!-- Suite -->
</testng-results>
